Executing:

        CREATE TABLE IF NOT EXISTS usertable (
            y_id text PRIMARY KEY,
            field0 text
        )
     WITH compaction = {'class': 'LeveledCompactionStrategy', 'sstable_size_in_mb': 160}

Inserted 0 ops in 0.00 seconds
Inserted 1000 ops in 1.10 seconds
Inserted 2000 ops in 2.18 seconds
Inserted 3000 ops in 3.50 seconds
Inserted 4000 ops in 4.60 seconds
Inserted 5000 ops in 5.70 seconds
Inserted 6000 ops in 6.83 seconds
Inserted 7000 ops in 7.98 seconds
Inserted 8000 ops in 9.13 seconds
Inserted 9000 ops in 10.30 seconds
Executed 10000 ops in 11.42 seconds
Executed 0 ops in 0.00 seconds
Executed 1000 ops in 1.80 seconds
Executed 2000 ops in 3.12 seconds
Executed 3000 ops in 4.45 seconds
Executed 4000 ops in 6.04 seconds
Executed 5000 ops in 7.35 seconds
Executed 6000 ops in 8.66 seconds
Executed 7000 ops in 10.03 seconds
Executed 8000 ops in 11.39 seconds
Executed 9000 ops in 12.73 seconds
Executed 10000 ops in 14.04 seconds
Executed 11000 ops in 15.34 seconds
Executed 12000 ops in 16.67 seconds
Executed 13000 ops in 18.05 seconds
Executed 14000 ops in 19.42 seconds
Executed 15000 ops in 20.77 seconds
Executed 16000 ops in 22.12 seconds
Executed 17000 ops in 23.54 seconds
Executed 18000 ops in 24.94 seconds
Executed 19000 ops in 26.32 seconds
Executed 20000 ops in 27.72 seconds
Executed 21000 ops in 29.08 seconds
Executed 22000 ops in 30.42 seconds
Executed 23000 ops in 31.75 seconds
Executed 24000 ops in 33.08 seconds
Executed 25000 ops in 34.47 seconds
Executed 26000 ops in 35.83 seconds
Executed 27000 ops in 37.22 seconds
Executed 28000 ops in 38.63 seconds
Executed 29000 ops in 40.02 seconds
Executed 30000 ops in 41.38 seconds
Executed 31000 ops in 42.76 seconds
Executed 32000 ops in 44.13 seconds
Executed 33000 ops in 45.54 seconds
Executed 34000 ops in 46.94 seconds
Executed 35000 ops in 48.33 seconds
Executed 36000 ops in 49.75 seconds
Executed 37000 ops in 51.14 seconds
Executed 38000 ops in 52.52 seconds
Executed 39000 ops in 53.91 seconds
Executed 40000 ops in 55.28 seconds
Executed 41000 ops in 56.62 seconds
Executed 42000 ops in 57.98 seconds
Executed 43000 ops in 59.41 seconds
Executed 44000 ops in 60.82 seconds
Executed 45000 ops in 62.18 seconds
Executed 46000 ops in 63.54 seconds
Executed 47000 ops in 64.88 seconds
Executed 48000 ops in 66.27 seconds
Executed 49000 ops in 67.65 seconds
Executed 50000 ops in 69.05 seconds
Executed 51000 ops in 70.45 seconds
Executed 52000 ops in 71.79 seconds
Executed 53000 ops in 73.16 seconds
Executed 54000 ops in 74.55 seconds
Executed 55000 ops in 75.94 seconds
Executed 56000 ops in 77.35 seconds
Executed 57000 ops in 78.75 seconds
Executed 58000 ops in 80.11 seconds
Executed 59000 ops in 81.46 seconds
Executed 60000 ops in 82.78 seconds
Executed 61000 ops in 84.09 seconds
Executed 62000 ops in 85.45 seconds
Executed 63000 ops in 86.83 seconds
Executed 64000 ops in 88.20 seconds
Executed 65000 ops in 89.58 seconds
Executed 66000 ops in 91.01 seconds
Executed 67000 ops in 92.37 seconds
Executed 68000 ops in 93.78 seconds
Executed 69000 ops in 95.18 seconds
Executed 70000 ops in 96.59 seconds
Executed 71000 ops in 97.98 seconds
Executed 72000 ops in 99.38 seconds
Executed 73000 ops in 100.79 seconds
Executed 74000 ops in 102.13 seconds
Executed 75000 ops in 103.53 seconds
Executed 76000 ops in 104.89 seconds
Executed 77000 ops in 106.28 seconds
Executed 78000 ops in 107.65 seconds
Executed 79000 ops in 109.03 seconds
Executed 80000 ops in 110.41 seconds
Executed 81000 ops in 111.79 seconds
Executed 82000 ops in 113.10 seconds
Executed 83000 ops in 114.44 seconds
Executed 84000 ops in 115.81 seconds
Executed 85000 ops in 117.18 seconds
Executed 86000 ops in 118.59 seconds
Executed 87000 ops in 119.99 seconds
Executed 88000 ops in 121.28 seconds
Executed 89000 ops in 122.69 seconds
Executed 90000 ops in 124.09 seconds
Executed 91000 ops in 125.49 seconds
Executed 92000 ops in 126.90 seconds
Executed 93000 ops in 128.27 seconds
Executed 94000 ops in 129.63 seconds
Executed 95000 ops in 130.97 seconds
Executed 96000 ops in 132.36 seconds
Executed 97000 ops in 133.77 seconds
Executed 98000 ops in 135.17 seconds
Executed 99000 ops in 136.54 seconds
Executed 0 ops in 137.90 seconds
Executed 1000 ops in 139.28 seconds
Executed 2000 ops in 140.64 seconds
Executed 3000 ops in 142.07 seconds
Executed 4000 ops in 143.48 seconds
Executed 5000 ops in 144.88 seconds
Executed 6000 ops in 146.28 seconds
Executed 7000 ops in 147.65 seconds
Executed 8000 ops in 148.99 seconds
Executed 9000 ops in 150.32 seconds
Executed 10000 ops in 151.69 seconds
Executed 11000 ops in 153.11 seconds
Executed 12000 ops in 154.54 seconds
Executed 13000 ops in 155.96 seconds
Executed 14000 ops in 157.40 seconds
Executed 15000 ops in 158.81 seconds
Executed 16000 ops in 160.17 seconds
Executed 17000 ops in 161.54 seconds
Executed 18000 ops in 162.91 seconds
Executed 19000 ops in 164.28 seconds
Executed 20000 ops in 165.65 seconds
Executed 21000 ops in 167.00 seconds
Executed 22000 ops in 168.40 seconds
Executed 23000 ops in 169.81 seconds
Executed 24000 ops in 171.21 seconds
Executed 25000 ops in 172.60 seconds
Executed 26000 ops in 173.95 seconds
Executed 27000 ops in 175.31 seconds
Executed 28000 ops in 176.69 seconds
Executed 29000 ops in 178.04 seconds
Executed 30000 ops in 179.44 seconds
Executed 31000 ops in 180.84 seconds
Executed 32000 ops in 182.25 seconds
Executed 33000 ops in 183.60 seconds
Executed 34000 ops in 184.96 seconds
Executed 35000 ops in 186.33 seconds
Executed 36000 ops in 187.67 seconds
Executed 37000 ops in 189.01 seconds
Executed 38000 ops in 190.40 seconds
Executed 39000 ops in 191.81 seconds
Executed 40000 ops in 193.17 seconds
Executed 41000 ops in 194.58 seconds
Executed 42000 ops in 195.96 seconds
Executed 43000 ops in 197.30 seconds
Executed 44000 ops in 198.64 seconds
Executed 45000 ops in 200.04 seconds
Executed 46000 ops in 201.45 seconds
Executed 47000 ops in 202.85 seconds
Executed 48000 ops in 204.22 seconds
Executed 49000 ops in 205.63 seconds
Executed 50000 ops in 207.03 seconds
Executed 51000 ops in 208.41 seconds
Executed 52000 ops in 209.77 seconds
Executed 53000 ops in 211.10 seconds
Executed 54000 ops in 212.48 seconds
Executed 55000 ops in 213.90 seconds
Executed 56000 ops in 215.32 seconds
Executed 57000 ops in 216.72 seconds
Executed 58000 ops in 218.13 seconds
Executed 59000 ops in 219.52 seconds
Executed 60000 ops in 220.91 seconds
Executed 61000 ops in 222.30 seconds
Executed 62000 ops in 223.72 seconds
Executed 63000 ops in 225.08 seconds
Executed 64000 ops in 226.45 seconds
Executed 65000 ops in 227.85 seconds
Executed 66000 ops in 229.24 seconds
Executed 67000 ops in 230.64 seconds
Executed 68000 ops in 232.03 seconds
Executed 69000 ops in 233.43 seconds
Executed 70000 ops in 234.81 seconds
Executed 71000 ops in 236.16 seconds
Executed 72000 ops in 237.57 seconds
Executed 73000 ops in 238.99 seconds
Executed 74000 ops in 240.37 seconds
Executed 75000 ops in 241.75 seconds
Executed 76000 ops in 243.13 seconds
Executed 77000 ops in 244.53 seconds
Executed 78000 ops in 245.92 seconds
Executed 79000 ops in 247.28 seconds
Executed 80000 ops in 248.63 seconds
Executed 81000 ops in 249.97 seconds
Executed 82000 ops in 251.36 seconds
Executed 83000 ops in 252.77 seconds
Executed 84000 ops in 254.18 seconds
Executed 85000 ops in 255.59 seconds
Executed 86000 ops in 256.98 seconds
Executed 87000 ops in 258.36 seconds
Executed 88000 ops in 259.78 seconds
Executed 89000 ops in 261.13 seconds
Executed 90000 ops in 262.52 seconds
Executed 91000 ops in 263.94 seconds
Executed 92000 ops in 265.32 seconds
Executed 93000 ops in 266.69 seconds
Executed 94000 ops in 268.10 seconds
Executed 95000 ops in 269.50 seconds
Executed 96000 ops in 270.85 seconds
Executed 97000 ops in 272.23 seconds
Executed 98000 ops in 273.62 seconds
Executed 99000 ops in 275.01 seconds
Executed 100000 ops in 276.42 seconds

Verifying stored records...
✅ Found entry: y_id = 3f39197f-0757-4464-a88b-7e857aad45bb, field0 = value_405
✅ Found entry: y_id = 28c33285-ff38-4718-8c82-baf0ca542db6, field0 = value_4524
✅ Found entry: y_id = 46e45492-54c0-4646-86e1-0096eb38c930, field0 = value_7990
✅ Found entry: y_id = 727ac884-ed93-4f1c-b885-f03d80b0d0f8, field0 = value_605
✅ Found entry: y_id = cbe58d54-cb98-4eed-9f6d-a35869275763, field0 = value_5803
