Executing:

        CREATE TABLE IF NOT EXISTS usertable (
            y_id text PRIMARY KEY,
            field0 text
        )
     WITH compaction = {'class': 'LeveledCompactionStrategy', 'sstable_size_in_mb': 160}

Inserted 0 ops in 0.00 seconds
Inserted 1000 ops in 1.18 seconds
Inserted 2000 ops in 2.35 seconds
Inserted 3000 ops in 3.56 seconds
Inserted 4000 ops in 4.61 seconds
Inserted 5000 ops in 5.69 seconds
Inserted 6000 ops in 7.04 seconds
Inserted 7000 ops in 8.23 seconds
Inserted 8000 ops in 9.46 seconds
Inserted 9000 ops in 10.63 seconds
Executed 10000 ops in 12.17 seconds
Executed 0 ops in 0.00 seconds
Executed 1000 ops in 1.30 seconds
Executed 2000 ops in 2.63 seconds
Executed 3000 ops in 4.02 seconds
Executed 4000 ops in 5.45 seconds
Executed 5000 ops in 6.78 seconds
Executed 6000 ops in 8.13 seconds
Executed 7000 ops in 9.51 seconds
Executed 8000 ops in 10.84 seconds
Executed 9000 ops in 12.21 seconds
Executed 10000 ops in 13.62 seconds
Executed 11000 ops in 15.01 seconds
Executed 12000 ops in 16.36 seconds
Executed 13000 ops in 17.72 seconds
Executed 14000 ops in 19.14 seconds
Executed 15000 ops in 20.53 seconds
Executed 16000 ops in 21.89 seconds
Executed 17000 ops in 23.28 seconds
Executed 18000 ops in 24.68 seconds
Executed 19000 ops in 26.05 seconds
Executed 20000 ops in 27.49 seconds
Executed 21000 ops in 28.91 seconds
Executed 22000 ops in 30.29 seconds
Executed 23000 ops in 31.66 seconds
Executed 24000 ops in 33.05 seconds
Executed 25000 ops in 34.45 seconds
Executed 26000 ops in 35.82 seconds
Executed 27000 ops in 37.24 seconds
Executed 28000 ops in 38.63 seconds
Executed 29000 ops in 40.05 seconds
Executed 30000 ops in 41.45 seconds
Executed 31000 ops in 42.80 seconds
Executed 32000 ops in 44.21 seconds
Executed 33000 ops in 45.62 seconds
Executed 34000 ops in 46.98 seconds
Executed 35000 ops in 48.34 seconds
Executed 36000 ops in 49.71 seconds
Executed 37000 ops in 51.10 seconds
Executed 38000 ops in 52.49 seconds
Executed 39000 ops in 53.89 seconds
Executed 40000 ops in 55.26 seconds
Executed 41000 ops in 56.71 seconds
Executed 42000 ops in 58.08 seconds
Executed 43000 ops in 59.46 seconds
Executed 44000 ops in 60.80 seconds
Executed 45000 ops in 62.20 seconds
Executed 46000 ops in 63.55 seconds
Executed 47000 ops in 64.93 seconds
Executed 48000 ops in 66.32 seconds
Executed 49000 ops in 67.64 seconds
Executed 50000 ops in 69.05 seconds
Executed 51000 ops in 70.44 seconds
Executed 52000 ops in 71.83 seconds
Executed 53000 ops in 73.25 seconds
Executed 54000 ops in 74.67 seconds
Executed 55000 ops in 76.05 seconds
Executed 56000 ops in 77.47 seconds
Executed 57000 ops in 78.87 seconds
Executed 58000 ops in 80.27 seconds
Executed 59000 ops in 81.63 seconds
Executed 60000 ops in 83.06 seconds
Executed 61000 ops in 84.43 seconds
Executed 62000 ops in 85.82 seconds
Executed 63000 ops in 87.24 seconds
Executed 64000 ops in 88.66 seconds
Executed 65000 ops in 90.08 seconds
Executed 66000 ops in 91.48 seconds
Executed 67000 ops in 92.89 seconds
Executed 68000 ops in 94.30 seconds
Executed 69000 ops in 95.71 seconds
Executed 70000 ops in 97.11 seconds
Executed 71000 ops in 98.46 seconds
Executed 72000 ops in 99.87 seconds
Executed 73000 ops in 101.24 seconds
Executed 74000 ops in 102.55 seconds
Executed 75000 ops in 103.91 seconds
Executed 76000 ops in 105.27 seconds
Executed 77000 ops in 106.70 seconds
Executed 78000 ops in 108.11 seconds
Executed 79000 ops in 109.53 seconds
Executed 80000 ops in 110.93 seconds
Executed 81000 ops in 112.34 seconds
Executed 82000 ops in 113.75 seconds
Executed 83000 ops in 115.07 seconds
Executed 84000 ops in 116.47 seconds
Executed 85000 ops in 117.86 seconds
Executed 86000 ops in 119.21 seconds
Executed 87000 ops in 120.60 seconds
Executed 88000 ops in 122.00 seconds
Executed 89000 ops in 123.42 seconds
Executed 90000 ops in 124.83 seconds
Executed 91000 ops in 126.20 seconds
Executed 92000 ops in 127.61 seconds
Executed 93000 ops in 129.04 seconds
Executed 94000 ops in 130.43 seconds
Executed 95000 ops in 131.79 seconds
Executed 96000 ops in 133.16 seconds
Executed 97000 ops in 134.56 seconds
Executed 98000 ops in 135.95 seconds
Executed 99000 ops in 137.37 seconds
Executed 0 ops in 138.79 seconds
Executed 1000 ops in 140.19 seconds
Executed 2000 ops in 141.61 seconds
Executed 3000 ops in 143.03 seconds
Executed 4000 ops in 144.45 seconds
Executed 5000 ops in 145.87 seconds
Executed 6000 ops in 147.28 seconds
Executed 7000 ops in 148.68 seconds
Executed 8000 ops in 150.03 seconds
Executed 9000 ops in 151.40 seconds
Executed 10000 ops in 152.79 seconds
Executed 11000 ops in 154.20 seconds
Executed 12000 ops in 155.61 seconds
Executed 13000 ops in 157.04 seconds
Executed 14000 ops in 158.45 seconds
Executed 15000 ops in 159.89 seconds
Executed 16000 ops in 161.29 seconds
Executed 17000 ops in 162.67 seconds
Executed 18000 ops in 164.04 seconds
Executed 19000 ops in 165.46 seconds
Executed 20000 ops in 166.84 seconds
Executed 21000 ops in 168.24 seconds
Executed 22000 ops in 169.67 seconds
Executed 23000 ops in 171.07 seconds
Executed 24000 ops in 172.44 seconds
Executed 25000 ops in 173.81 seconds
Executed 26000 ops in 175.24 seconds
Executed 27000 ops in 176.64 seconds
Executed 28000 ops in 178.07 seconds
Executed 29000 ops in 179.47 seconds
Executed 30000 ops in 180.85 seconds
Executed 31000 ops in 182.25 seconds
Executed 32000 ops in 183.66 seconds
Executed 33000 ops in 185.09 seconds
Executed 34000 ops in 186.48 seconds
Executed 35000 ops in 187.85 seconds
Executed 36000 ops in 189.23 seconds
Executed 37000 ops in 190.62 seconds
Executed 38000 ops in 191.98 seconds
Executed 39000 ops in 193.33 seconds
Executed 40000 ops in 194.74 seconds
Executed 41000 ops in 196.14 seconds
Executed 42000 ops in 197.51 seconds
Executed 43000 ops in 198.92 seconds
Executed 44000 ops in 200.34 seconds
Executed 45000 ops in 201.73 seconds
Executed 46000 ops in 203.11 seconds
Executed 47000 ops in 204.46 seconds
Executed 48000 ops in 205.86 seconds
Executed 49000 ops in 207.25 seconds
Executed 50000 ops in 208.64 seconds
Executed 51000 ops in 210.05 seconds
Executed 52000 ops in 211.42 seconds
Executed 53000 ops in 212.78 seconds
Executed 54000 ops in 214.18 seconds
Executed 55000 ops in 215.59 seconds
Executed 56000 ops in 217.00 seconds
Executed 57000 ops in 218.39 seconds
Executed 58000 ops in 219.72 seconds
Executed 59000 ops in 221.06 seconds
Executed 60000 ops in 222.43 seconds
Executed 61000 ops in 223.77 seconds
Executed 62000 ops in 225.16 seconds
Executed 63000 ops in 226.52 seconds
Executed 64000 ops in 227.88 seconds
Executed 65000 ops in 229.31 seconds
Executed 66000 ops in 230.72 seconds
Executed 67000 ops in 232.14 seconds
Executed 68000 ops in 233.55 seconds
Executed 69000 ops in 234.93 seconds
Executed 70000 ops in 236.34 seconds
Executed 71000 ops in 237.72 seconds
Executed 72000 ops in 239.09 seconds
Executed 73000 ops in 240.49 seconds
Executed 74000 ops in 241.89 seconds
Executed 75000 ops in 243.31 seconds
Executed 76000 ops in 244.69 seconds
Executed 77000 ops in 246.05 seconds
Executed 78000 ops in 247.41 seconds
Executed 79000 ops in 248.80 seconds
Executed 80000 ops in 250.21 seconds
Executed 81000 ops in 251.62 seconds
Executed 82000 ops in 253.02 seconds
Executed 83000 ops in 254.37 seconds
Executed 84000 ops in 255.73 seconds
Executed 85000 ops in 257.15 seconds
Executed 86000 ops in 258.57 seconds
Executed 87000 ops in 259.97 seconds
Executed 88000 ops in 261.35 seconds
Executed 89000 ops in 262.74 seconds
Executed 90000 ops in 264.20 seconds
Executed 91000 ops in 265.60 seconds
Executed 92000 ops in 266.99 seconds
Executed 93000 ops in 268.37 seconds
Executed 94000 ops in 269.74 seconds
Executed 95000 ops in 271.10 seconds
Executed 96000 ops in 272.52 seconds
Executed 97000 ops in 273.91 seconds
Executed 98000 ops in 275.28 seconds
Executed 99000 ops in 276.67 seconds
Executed 100000 ops in 278.09 seconds

Verifying stored records...
✅ Found entry: y_id = 80690c76-fe42-4bdc-8014-cbd201d3a568, field0 = value_5632
✅ Found entry: y_id = 8626d018-2d95-4b04-8f97-f18aacc3d5c5, field0 = value_750
✅ Found entry: y_id = d45902af-3f03-4823-aa42-d34e8a271962, field0 = value_5122
✅ Found entry: y_id = 9157739c-7950-4a3f-a5fb-75dd5e8f37e1, field0 = value_3605
✅ Found entry: y_id = e826b41c-fbaf-4a66-ace8-d830d32b8484, field0 = value_3993
