Executing:

        CREATE TABLE IF NOT EXISTS usertable (
            y_id text PRIMARY KEY,
            field0 text
        )
     WITH compaction = {'class': 'LeveledCompactionStrategy', 'sstable_size_in_mb': 160}

Inserted 0 ops in 0.00 seconds
Inserted 1000 ops in 1.21 seconds
Inserted 2000 ops in 2.34 seconds
Inserted 3000 ops in 3.50 seconds
Inserted 4000 ops in 4.59 seconds
Inserted 5000 ops in 5.79 seconds
Inserted 6000 ops in 7.21 seconds
Inserted 7000 ops in 8.39 seconds
Inserted 8000 ops in 9.55 seconds
Inserted 9000 ops in 10.85 seconds
Executed 10000 ops in 12.01 seconds
Executed 0 ops in 0.00 seconds
Executed 1000 ops in 1.97 seconds
Executed 2000 ops in 3.32 seconds
Executed 3000 ops in 4.92 seconds
Executed 4000 ops in 6.25 seconds
Executed 5000 ops in 7.62 seconds
Executed 6000 ops in 9.01 seconds
Executed 7000 ops in 10.82 seconds
Executed 8000 ops in 12.28 seconds
Executed 9000 ops in 13.75 seconds
Executed 10000 ops in 15.21 seconds
Executed 11000 ops in 16.65 seconds
Executed 12000 ops in 18.11 seconds
Executed 13000 ops in 19.58 seconds
Executed 14000 ops in 21.03 seconds
Executed 15000 ops in 22.51 seconds
Executed 16000 ops in 23.97 seconds
Executed 17000 ops in 25.42 seconds
Executed 18000 ops in 26.87 seconds
Executed 19000 ops in 28.34 seconds
Executed 20000 ops in 29.83 seconds
Executed 21000 ops in 31.31 seconds
Executed 22000 ops in 32.79 seconds
Executed 23000 ops in 34.23 seconds
Executed 24000 ops in 35.69 seconds
Executed 25000 ops in 37.18 seconds
Executed 26000 ops in 38.64 seconds
Executed 27000 ops in 40.08 seconds
Executed 28000 ops in 41.54 seconds
Executed 29000 ops in 43.01 seconds
Executed 30000 ops in 44.49 seconds
Executed 31000 ops in 45.94 seconds
Executed 32000 ops in 47.38 seconds
Executed 33000 ops in 48.83 seconds
Executed 34000 ops in 50.33 seconds
Executed 35000 ops in 51.81 seconds
Executed 36000 ops in 53.29 seconds
Executed 37000 ops in 54.78 seconds
Executed 38000 ops in 56.24 seconds
Executed 39000 ops in 57.70 seconds
Executed 40000 ops in 59.12 seconds
Executed 41000 ops in 60.58 seconds
Executed 42000 ops in 62.05 seconds
Executed 43000 ops in 63.51 seconds
Executed 44000 ops in 64.97 seconds
Executed 45000 ops in 66.43 seconds
Executed 46000 ops in 67.89 seconds
Executed 47000 ops in 69.36 seconds
Executed 48000 ops in 70.83 seconds
Executed 49000 ops in 72.27 seconds
Executed 50000 ops in 73.75 seconds
Executed 51000 ops in 75.23 seconds
Executed 52000 ops in 76.70 seconds
Executed 53000 ops in 78.17 seconds
Executed 54000 ops in 79.64 seconds
Executed 55000 ops in 81.10 seconds
Executed 56000 ops in 82.54 seconds
Executed 57000 ops in 84.01 seconds
Executed 58000 ops in 85.49 seconds
Executed 59000 ops in 86.96 seconds
Executed 60000 ops in 88.40 seconds
Executed 61000 ops in 89.84 seconds
Executed 62000 ops in 91.31 seconds
Executed 63000 ops in 92.77 seconds
Executed 64000 ops in 94.23 seconds
Executed 65000 ops in 95.69 seconds
Executed 66000 ops in 97.16 seconds
Executed 67000 ops in 98.63 seconds
Executed 68000 ops in 100.11 seconds
Executed 69000 ops in 101.59 seconds
Executed 70000 ops in 103.04 seconds
Executed 71000 ops in 104.49 seconds
Executed 72000 ops in 105.94 seconds
Executed 73000 ops in 107.40 seconds
Executed 74000 ops in 108.89 seconds
Executed 75000 ops in 110.36 seconds
Executed 76000 ops in 111.82 seconds
Executed 77000 ops in 113.27 seconds
Executed 78000 ops in 114.75 seconds
Executed 79000 ops in 116.21 seconds
Executed 80000 ops in 117.67 seconds
Executed 81000 ops in 119.13 seconds
Executed 82000 ops in 120.53 seconds
Executed 83000 ops in 121.99 seconds
Executed 84000 ops in 123.44 seconds
Executed 85000 ops in 124.91 seconds
Executed 86000 ops in 126.34 seconds
Executed 87000 ops in 127.78 seconds
Executed 88000 ops in 129.24 seconds
Executed 89000 ops in 130.71 seconds
Executed 90000 ops in 132.18 seconds
Executed 91000 ops in 133.65 seconds
Executed 92000 ops in 135.16 seconds
Executed 93000 ops in 136.64 seconds
Executed 94000 ops in 138.07 seconds
Executed 95000 ops in 139.51 seconds
Executed 96000 ops in 140.97 seconds
Executed 97000 ops in 142.43 seconds
Executed 98000 ops in 143.91 seconds
Executed 99000 ops in 145.37 seconds
Executed 0 ops in 146.84 seconds
Executed 1000 ops in 148.30 seconds
Executed 2000 ops in 149.77 seconds
Executed 3000 ops in 151.22 seconds
Executed 4000 ops in 152.66 seconds
Executed 5000 ops in 154.13 seconds
Executed 6000 ops in 155.58 seconds
Executed 7000 ops in 157.05 seconds
Executed 8000 ops in 158.52 seconds
Executed 9000 ops in 159.99 seconds
Executed 10000 ops in 161.42 seconds
Executed 11000 ops in 162.90 seconds
Executed 12000 ops in 164.36 seconds
Executed 13000 ops in 165.82 seconds
Executed 14000 ops in 167.28 seconds
Executed 15000 ops in 168.78 seconds
Executed 16000 ops in 170.22 seconds
Executed 17000 ops in 171.69 seconds
Executed 18000 ops in 173.15 seconds
Executed 19000 ops in 174.62 seconds
Executed 20000 ops in 176.10 seconds
Executed 21000 ops in 177.53 seconds
Executed 22000 ops in 178.93 seconds
Executed 23000 ops in 180.39 seconds
Executed 24000 ops in 181.87 seconds
Executed 25000 ops in 183.35 seconds
Executed 26000 ops in 184.81 seconds
Executed 27000 ops in 186.29 seconds
Executed 28000 ops in 187.76 seconds
Executed 29000 ops in 189.17 seconds
Executed 30000 ops in 190.64 seconds
Executed 31000 ops in 192.12 seconds
Executed 32000 ops in 193.57 seconds
Executed 33000 ops in 195.05 seconds
Executed 34000 ops in 196.53 seconds
Executed 35000 ops in 197.98 seconds
Executed 36000 ops in 199.45 seconds
Executed 37000 ops in 200.93 seconds
Executed 38000 ops in 202.39 seconds
Executed 39000 ops in 203.87 seconds
Executed 40000 ops in 205.33 seconds
Executed 41000 ops in 206.75 seconds
Executed 42000 ops in 208.22 seconds
Executed 43000 ops in 209.68 seconds
Executed 44000 ops in 211.15 seconds
Executed 45000 ops in 212.56 seconds
Executed 46000 ops in 214.03 seconds
Executed 47000 ops in 215.50 seconds
Executed 48000 ops in 216.95 seconds
Executed 49000 ops in 218.41 seconds
Executed 50000 ops in 219.88 seconds
Executed 51000 ops in 221.34 seconds
Executed 52000 ops in 222.82 seconds
Executed 53000 ops in 224.28 seconds
Executed 54000 ops in 225.74 seconds
Executed 55000 ops in 227.22 seconds
Executed 56000 ops in 228.68 seconds
Executed 57000 ops in 230.16 seconds
Executed 58000 ops in 231.61 seconds
Executed 59000 ops in 233.06 seconds
Executed 60000 ops in 234.54 seconds
Executed 61000 ops in 236.00 seconds
Executed 62000 ops in 237.49 seconds
Executed 63000 ops in 238.92 seconds
Executed 64000 ops in 240.39 seconds
Executed 65000 ops in 241.90 seconds
Executed 66000 ops in 243.38 seconds
Executed 67000 ops in 244.83 seconds
Executed 68000 ops in 246.29 seconds
Executed 69000 ops in 247.77 seconds
Executed 70000 ops in 249.25 seconds
Executed 71000 ops in 250.70 seconds
Executed 72000 ops in 252.18 seconds
Executed 73000 ops in 253.65 seconds
Executed 74000 ops in 255.13 seconds
Executed 75000 ops in 256.58 seconds
Executed 76000 ops in 258.04 seconds
Executed 77000 ops in 259.50 seconds
Executed 78000 ops in 260.96 seconds
Executed 79000 ops in 262.42 seconds
Executed 80000 ops in 263.81 seconds
Executed 81000 ops in 265.28 seconds
Executed 82000 ops in 266.71 seconds
Executed 83000 ops in 268.14 seconds
Executed 84000 ops in 269.62 seconds
Executed 85000 ops in 271.09 seconds
Executed 86000 ops in 272.56 seconds
Executed 87000 ops in 274.04 seconds
Executed 88000 ops in 275.51 seconds
Executed 89000 ops in 277.00 seconds
Executed 90000 ops in 278.48 seconds
Executed 91000 ops in 279.94 seconds
Executed 92000 ops in 281.40 seconds
Executed 93000 ops in 282.88 seconds
Executed 94000 ops in 284.35 seconds
Executed 95000 ops in 285.83 seconds
Executed 96000 ops in 287.28 seconds
Executed 97000 ops in 288.76 seconds
Executed 98000 ops in 290.23 seconds
Executed 99000 ops in 291.70 seconds
Executed 100000 ops in 293.18 seconds

Verifying stored records...
✅ Found entry: y_id = d096b4b8-cfe5-461e-9f3c-ebfac583e4cc, field0 = value_6407
✅ Found entry: y_id = 94dae47f-3aaf-4ac4-8a3d-09099792fd2e, field0 = value_9776
✅ Found entry: y_id = d056aee3-e221-4f84-9d10-7099816850d8, field0 = value_7992
✅ Found entry: y_id = 61217bf2-5baf-40be-8e25-ba31e82561d6, field0 = value_9667
✅ Found entry: y_id = aeb893d3-0686-4c01-bbf4-e67000ad7bc8, field0 = value_1431
