Executing:

        CREATE TABLE IF NOT EXISTS usertable (
            y_id text PRIMARY KEY,
            field0 text
        )
     WITH compaction = {'class': 'LeveledCompactionStrategy', 'sstable_size_in_mb': 160}

Inserted 0 ops in 0.00 seconds
Inserted 1000 ops in 1.22 seconds
Inserted 2000 ops in 2.45 seconds
Inserted 3000 ops in 3.92 seconds
Inserted 4000 ops in 5.10 seconds
Inserted 5000 ops in 6.40 seconds
Inserted 6000 ops in 7.64 seconds
Inserted 7000 ops in 8.96 seconds
Inserted 8000 ops in 10.19 seconds
Inserted 9000 ops in 11.43 seconds
Traceback (most recent call last):
  File "/users/smitshah/scyllaDB-YCSB/main.py", line 148, in <module>
    main(
  File "/users/smitshah/scyllaDB-YCSB/main.py", line 44, in main
    insert_record(session, ycsb_id)
  File "/users/smitshah/scyllaDB-YCSB/db.py", line 9, in insert_record
    session.execute(
  File "cassandra/cluster.py", line 2677, in cassandra.cluster.Session.execute
  File "cassandra/cluster.py", line 4956, in cassandra.cluster.ResponseFuture.result
cassandra.WriteTimeout: Error from server: code=1100 [Coordinator node timed out waiting for replica nodes' responses] message="Operation timed out for ycsb.usertable - received only 0 responses from 1 CL=LOCAL_ONE." info={'consistency': 'LOCAL_ONE', 'required_responses': 1, 'received_responses': 0, 'write_type': 'SIMPLE'}
