Executing:

        CREATE TABLE IF NOT EXISTS usertable (
            y_id text PRIMARY KEY,
            field0 text
        )
     WITH compaction = {'class': 'SizeTieredCompactionStrategy', 'bucket_high': 1.5, 'bucket_low': 0.5, 'min_sstable_size': 50, 'min_threshold': 4, 'max_threshold': 4}

Inserted 0 ops in 0.00 seconds
Inserted 1000 ops in 1.27 seconds
Inserted 2000 ops in 2.41 seconds
Inserted 3000 ops in 3.56 seconds
Inserted 4000 ops in 4.84 seconds
Inserted 5000 ops in 6.02 seconds
Inserted 6000 ops in 7.49 seconds
Inserted 7000 ops in 8.61 seconds
Inserted 8000 ops in 9.74 seconds
Inserted 9000 ops in 11.69 seconds
Executed 10000 ops in 12.90 seconds
Executed 0 ops in 0.00 seconds
Executed 1000 ops in 1.39 seconds
Executed 2000 ops in 2.79 seconds
Executed 3000 ops in 4.17 seconds
Executed 4000 ops in 5.58 seconds
Executed 5000 ops in 7.00 seconds
Executed 6000 ops in 8.34 seconds
Executed 7000 ops in 9.73 seconds
Executed 8000 ops in 11.12 seconds
Executed 9000 ops in 12.50 seconds
Executed 10000 ops in 13.90 seconds
Executed 11000 ops in 15.30 seconds
Executed 12000 ops in 16.70 seconds
Executed 13000 ops in 18.11 seconds
Executed 14000 ops in 19.51 seconds
Executed 15000 ops in 20.93 seconds
Executed 16000 ops in 22.33 seconds
Executed 17000 ops in 23.71 seconds
Executed 18000 ops in 25.15 seconds
Executed 19000 ops in 26.55 seconds
Executed 20000 ops in 27.96 seconds
Executed 21000 ops in 29.39 seconds
Executed 22000 ops in 30.71 seconds
Executed 23000 ops in 32.05 seconds
Executed 24000 ops in 33.40 seconds
Executed 25000 ops in 34.78 seconds
Executed 26000 ops in 36.20 seconds
Executed 27000 ops in 37.59 seconds
Executed 28000 ops in 38.95 seconds
Executed 29000 ops in 40.37 seconds
Executed 30000 ops in 41.77 seconds
Executed 31000 ops in 43.19 seconds
Executed 32000 ops in 44.58 seconds
Executed 33000 ops in 45.98 seconds
Executed 34000 ops in 47.37 seconds
Executed 35000 ops in 48.78 seconds
Executed 36000 ops in 50.20 seconds
Executed 37000 ops in 51.58 seconds
Executed 38000 ops in 53.00 seconds
Executed 39000 ops in 54.40 seconds
Executed 40000 ops in 55.77 seconds
Executed 41000 ops in 57.12 seconds
Executed 42000 ops in 58.52 seconds
Executed 43000 ops in 59.93 seconds
Executed 44000 ops in 61.38 seconds
Executed 45000 ops in 62.76 seconds
Executed 46000 ops in 64.13 seconds
Executed 47000 ops in 65.53 seconds
Executed 48000 ops in 66.91 seconds
Executed 49000 ops in 68.28 seconds
Executed 50000 ops in 69.67 seconds
Executed 51000 ops in 71.10 seconds
Executed 52000 ops in 72.48 seconds
Executed 53000 ops in 73.88 seconds
Executed 54000 ops in 75.27 seconds
Executed 55000 ops in 76.64 seconds
Executed 56000 ops in 78.06 seconds
Executed 57000 ops in 79.47 seconds
Executed 58000 ops in 80.89 seconds
Executed 59000 ops in 82.30 seconds
Executed 60000 ops in 83.71 seconds
Executed 61000 ops in 85.11 seconds
Executed 62000 ops in 86.44 seconds
Executed 63000 ops in 87.77 seconds
Executed 64000 ops in 89.19 seconds
Executed 65000 ops in 90.58 seconds
Executed 66000 ops in 91.97 seconds
Executed 67000 ops in 93.34 seconds
Executed 68000 ops in 94.64 seconds
Executed 69000 ops in 96.03 seconds
Executed 70000 ops in 97.46 seconds
Executed 71000 ops in 98.87 seconds
Executed 72000 ops in 100.28 seconds
Executed 73000 ops in 101.70 seconds
Executed 74000 ops in 103.12 seconds
Executed 75000 ops in 104.52 seconds
Executed 76000 ops in 105.87 seconds
Executed 77000 ops in 107.28 seconds
Executed 78000 ops in 108.68 seconds
Executed 79000 ops in 110.09 seconds
Executed 80000 ops in 111.44 seconds
Executed 81000 ops in 112.83 seconds
Executed 82000 ops in 114.24 seconds
Executed 83000 ops in 115.65 seconds
Executed 84000 ops in 117.09 seconds
Executed 85000 ops in 118.45 seconds
Executed 86000 ops in 119.85 seconds
Executed 87000 ops in 121.22 seconds
Executed 88000 ops in 122.62 seconds
Executed 89000 ops in 124.02 seconds
Executed 90000 ops in 125.43 seconds
Executed 91000 ops in 126.85 seconds
Executed 92000 ops in 128.20 seconds
Executed 93000 ops in 129.53 seconds
Executed 94000 ops in 130.88 seconds
Executed 95000 ops in 132.29 seconds
Executed 96000 ops in 133.71 seconds
Executed 97000 ops in 135.11 seconds
Executed 98000 ops in 136.51 seconds
Executed 99000 ops in 137.88 seconds
Executed 0 ops in 139.28 seconds
Executed 1000 ops in 140.67 seconds
Executed 2000 ops in 142.06 seconds
Executed 3000 ops in 143.46 seconds
Executed 4000 ops in 144.88 seconds
Executed 5000 ops in 146.29 seconds
Executed 6000 ops in 147.68 seconds
Executed 7000 ops in 149.07 seconds
Executed 8000 ops in 150.49 seconds
Executed 9000 ops in 151.89 seconds
Executed 10000 ops in 153.29 seconds
Executed 11000 ops in 154.67 seconds
Executed 12000 ops in 156.04 seconds
Executed 13000 ops in 157.39 seconds
Executed 14000 ops in 158.78 seconds
Executed 15000 ops in 160.18 seconds
Executed 16000 ops in 161.58 seconds
Executed 17000 ops in 162.96 seconds
Executed 18000 ops in 164.28 seconds
Executed 19000 ops in 165.61 seconds
Executed 20000 ops in 166.94 seconds
Executed 21000 ops in 168.35 seconds
Executed 22000 ops in 169.77 seconds
Executed 23000 ops in 171.19 seconds
Executed 24000 ops in 172.58 seconds
Executed 25000 ops in 173.98 seconds
Executed 26000 ops in 175.37 seconds
Executed 27000 ops in 176.79 seconds
Executed 28000 ops in 178.23 seconds
Executed 29000 ops in 179.63 seconds
Executed 30000 ops in 181.04 seconds
Executed 31000 ops in 182.42 seconds
Executed 32000 ops in 183.85 seconds
Executed 33000 ops in 185.24 seconds
Executed 34000 ops in 186.65 seconds
Executed 35000 ops in 188.06 seconds
Executed 36000 ops in 189.42 seconds
Executed 37000 ops in 190.80 seconds
Executed 38000 ops in 192.14 seconds
Executed 39000 ops in 193.51 seconds
Executed 40000 ops in 194.90 seconds
Executed 41000 ops in 196.30 seconds
Executed 42000 ops in 197.70 seconds
Executed 43000 ops in 199.08 seconds
Executed 44000 ops in 200.48 seconds
Executed 45000 ops in 201.89 seconds
Executed 46000 ops in 203.29 seconds
Executed 47000 ops in 204.68 seconds
Executed 48000 ops in 206.07 seconds
Executed 49000 ops in 207.47 seconds
Executed 50000 ops in 208.87 seconds
Executed 51000 ops in 210.22 seconds
Executed 52000 ops in 211.65 seconds
Executed 53000 ops in 213.07 seconds
Executed 54000 ops in 214.41 seconds
Executed 55000 ops in 215.75 seconds
Executed 56000 ops in 217.15 seconds
Executed 57000 ops in 218.54 seconds
Executed 58000 ops in 219.96 seconds
Executed 59000 ops in 221.38 seconds
Executed 60000 ops in 222.78 seconds
Executed 61000 ops in 224.17 seconds
Executed 62000 ops in 225.60 seconds
Executed 63000 ops in 226.99 seconds
Executed 64000 ops in 228.34 seconds
Executed 65000 ops in 229.72 seconds
Executed 66000 ops in 231.05 seconds
Executed 67000 ops in 232.38 seconds
Executed 68000 ops in 233.73 seconds
Executed 69000 ops in 235.13 seconds
Executed 70000 ops in 236.52 seconds
Executed 71000 ops in 237.90 seconds
Executed 72000 ops in 239.32 seconds
Executed 73000 ops in 240.73 seconds
Executed 74000 ops in 242.15 seconds
Executed 75000 ops in 243.57 seconds
Executed 76000 ops in 244.99 seconds
Executed 77000 ops in 246.39 seconds
Executed 78000 ops in 247.78 seconds
Executed 79000 ops in 249.20 seconds
Executed 80000 ops in 250.62 seconds
Executed 81000 ops in 252.04 seconds
Executed 82000 ops in 253.44 seconds
Executed 83000 ops in 254.86 seconds
Executed 84000 ops in 256.28 seconds
Executed 85000 ops in 257.69 seconds
Executed 86000 ops in 259.10 seconds
Executed 87000 ops in 260.51 seconds
Executed 88000 ops in 261.92 seconds
Executed 89000 ops in 263.34 seconds
Executed 90000 ops in 264.74 seconds
Executed 91000 ops in 266.18 seconds
Executed 92000 ops in 267.59 seconds
Executed 93000 ops in 268.95 seconds
Executed 94000 ops in 270.33 seconds
Executed 95000 ops in 271.71 seconds
Executed 96000 ops in 273.09 seconds
Executed 97000 ops in 274.48 seconds
Executed 98000 ops in 275.88 seconds
Executed 99000 ops in 277.27 seconds
Executed 100000 ops in 278.69 seconds

Verifying stored records...
✅ Found entry: y_id = 3e76088d-3002-4b05-aede-f6b23fe1fd22, field0 = value_9971
✅ Found entry: y_id = 9a42486d-3b9f-4602-bf82-8ee88880afa0, field0 = value_3719
✅ Found entry: y_id = 25ca4625-9814-404f-9148-84a434a269dd, field0 = value_8595
✅ Found entry: y_id = c49ff656-04dc-4f10-85c5-1a5af7f1ec60, field0 = value_4906
✅ Found entry: y_id = cfd5d5ac-63ce-4ad6-a5a5-31fbcdf8485c, field0 = value_602
