Executing:

        CREATE TABLE IF NOT EXISTS usertable (
            y_id text PRIMARY KEY,
            field0 text
        )
     WITH compaction = {'class': 'SizeTieredCompactionStrategy', 'bucket_high': 1.5, 'bucket_low': 0.5, 'min_sstable_size': 50, 'min_threshold': 4, 'max_threshold': 4}

Inserted 0 ops in 0.00 seconds
Inserted 1000 ops in 1.15 seconds
Inserted 2000 ops in 2.30 seconds
Inserted 3000 ops in 3.44 seconds
Inserted 4000 ops in 4.58 seconds
Inserted 5000 ops in 5.79 seconds
Inserted 6000 ops in 6.89 seconds
Inserted 7000 ops in 7.97 seconds
Inserted 8000 ops in 9.22 seconds
Inserted 9000 ops in 10.36 seconds
Executed 10000 ops in 11.51 seconds
Executed 0 ops in 0.00 seconds
Executed 1000 ops in 1.45 seconds
Executed 2000 ops in 2.83 seconds
Executed 3000 ops in 4.14 seconds
Executed 4000 ops in 5.49 seconds
Executed 5000 ops in 6.86 seconds
Executed 6000 ops in 8.27 seconds
Executed 7000 ops in 9.65 seconds
Executed 8000 ops in 10.97 seconds
Executed 9000 ops in 12.37 seconds
Executed 10000 ops in 13.77 seconds
Executed 11000 ops in 15.15 seconds
Executed 12000 ops in 16.52 seconds
Executed 13000 ops in 17.90 seconds
Executed 14000 ops in 19.30 seconds
Executed 15000 ops in 20.73 seconds
Executed 16000 ops in 22.11 seconds
Executed 17000 ops in 23.53 seconds
Executed 18000 ops in 24.95 seconds
Executed 19000 ops in 26.35 seconds
Executed 20000 ops in 27.72 seconds
Executed 21000 ops in 29.08 seconds
Executed 22000 ops in 30.48 seconds
Executed 23000 ops in 31.89 seconds
Executed 24000 ops in 33.23 seconds
Executed 25000 ops in 34.64 seconds
Executed 26000 ops in 36.03 seconds
Executed 27000 ops in 37.44 seconds
Executed 28000 ops in 38.79 seconds
Executed 29000 ops in 40.19 seconds
Executed 30000 ops in 41.56 seconds
Executed 31000 ops in 42.99 seconds
Executed 32000 ops in 44.40 seconds
Executed 33000 ops in 45.81 seconds
Executed 34000 ops in 47.19 seconds
Executed 35000 ops in 48.54 seconds
Executed 36000 ops in 49.94 seconds
Executed 37000 ops in 51.36 seconds
Executed 38000 ops in 52.78 seconds
Executed 39000 ops in 54.18 seconds
Executed 40000 ops in 55.61 seconds
Executed 41000 ops in 57.02 seconds
Executed 42000 ops in 58.45 seconds
Executed 43000 ops in 59.83 seconds
Executed 44000 ops in 61.19 seconds
Executed 45000 ops in 62.56 seconds
Executed 46000 ops in 63.96 seconds
Executed 47000 ops in 65.38 seconds
Executed 48000 ops in 66.79 seconds
Executed 49000 ops in 68.14 seconds
Executed 50000 ops in 69.54 seconds
Executed 51000 ops in 70.94 seconds
Executed 52000 ops in 72.31 seconds
Executed 53000 ops in 73.70 seconds
Executed 54000 ops in 75.09 seconds
Executed 55000 ops in 76.43 seconds
Executed 56000 ops in 77.84 seconds
Executed 57000 ops in 79.23 seconds
Executed 58000 ops in 80.58 seconds
Executed 59000 ops in 82.01 seconds
Executed 60000 ops in 83.40 seconds
Executed 61000 ops in 84.73 seconds
Executed 62000 ops in 86.04 seconds
Executed 63000 ops in 87.44 seconds
Executed 64000 ops in 88.84 seconds
Executed 65000 ops in 90.16 seconds
Executed 66000 ops in 91.54 seconds
Executed 67000 ops in 92.97 seconds
Executed 68000 ops in 94.40 seconds
Executed 69000 ops in 95.81 seconds
Executed 70000 ops in 97.23 seconds
Executed 71000 ops in 98.65 seconds
Executed 72000 ops in 100.03 seconds
Executed 73000 ops in 101.44 seconds
Executed 74000 ops in 102.80 seconds
Executed 75000 ops in 104.15 seconds
Executed 76000 ops in 105.52 seconds
Executed 77000 ops in 106.90 seconds
Executed 78000 ops in 108.30 seconds
Executed 79000 ops in 109.64 seconds
Executed 80000 ops in 111.02 seconds
Executed 81000 ops in 112.37 seconds
Executed 82000 ops in 113.75 seconds
Executed 83000 ops in 115.11 seconds
Executed 84000 ops in 116.44 seconds
Executed 85000 ops in 117.86 seconds
Executed 86000 ops in 119.22 seconds
Executed 87000 ops in 120.54 seconds
Executed 88000 ops in 121.92 seconds
Executed 89000 ops in 123.29 seconds
Executed 90000 ops in 124.70 seconds
Executed 91000 ops in 126.13 seconds
Executed 92000 ops in 127.52 seconds
Executed 93000 ops in 128.91 seconds
Executed 94000 ops in 130.32 seconds
Executed 95000 ops in 131.69 seconds
Executed 96000 ops in 133.07 seconds
Executed 97000 ops in 134.48 seconds
Executed 98000 ops in 135.85 seconds
Executed 99000 ops in 137.25 seconds
Executed 0 ops in 138.61 seconds
Executed 1000 ops in 140.04 seconds
Executed 2000 ops in 141.44 seconds
Executed 3000 ops in 142.84 seconds
Executed 4000 ops in 144.26 seconds
Executed 5000 ops in 145.67 seconds
Executed 6000 ops in 147.06 seconds
Executed 7000 ops in 148.43 seconds
Executed 8000 ops in 149.82 seconds
Executed 9000 ops in 151.24 seconds
Executed 10000 ops in 152.61 seconds
Executed 11000 ops in 154.01 seconds
Executed 12000 ops in 155.39 seconds
Executed 13000 ops in 156.81 seconds
Executed 14000 ops in 158.25 seconds
Executed 15000 ops in 159.68 seconds
Executed 16000 ops in 161.13 seconds
Executed 17000 ops in 162.55 seconds
Executed 18000 ops in 163.98 seconds
Executed 19000 ops in 165.39 seconds
Executed 20000 ops in 166.76 seconds
Executed 21000 ops in 168.14 seconds
Executed 22000 ops in 169.50 seconds
Executed 23000 ops in 170.92 seconds
Executed 24000 ops in 172.34 seconds
Executed 25000 ops in 173.71 seconds
Executed 26000 ops in 175.07 seconds
Executed 27000 ops in 176.44 seconds
Executed 28000 ops in 177.85 seconds
Executed 29000 ops in 179.27 seconds
Executed 30000 ops in 180.66 seconds
Executed 31000 ops in 182.09 seconds
Executed 32000 ops in 183.51 seconds
Executed 33000 ops in 184.94 seconds
Executed 34000 ops in 186.37 seconds
Executed 35000 ops in 187.78 seconds
Executed 36000 ops in 189.19 seconds
Executed 37000 ops in 190.60 seconds
Executed 38000 ops in 191.94 seconds
Executed 39000 ops in 193.28 seconds
Executed 40000 ops in 194.65 seconds
Executed 41000 ops in 196.02 seconds
Executed 42000 ops in 197.41 seconds
Executed 43000 ops in 198.80 seconds
Executed 44000 ops in 200.18 seconds
Executed 45000 ops in 201.58 seconds
Executed 46000 ops in 202.98 seconds
Executed 47000 ops in 204.41 seconds
Executed 48000 ops in 205.80 seconds
Executed 49000 ops in 207.18 seconds
Executed 50000 ops in 208.61 seconds
Executed 51000 ops in 209.99 seconds
Executed 52000 ops in 211.35 seconds
Executed 53000 ops in 212.76 seconds
Executed 54000 ops in 214.17 seconds
Executed 55000 ops in 215.58 seconds
Executed 56000 ops in 216.98 seconds
Executed 57000 ops in 218.36 seconds
Executed 58000 ops in 219.78 seconds
Executed 59000 ops in 221.18 seconds
Executed 60000 ops in 222.59 seconds
Executed 61000 ops in 223.98 seconds
Executed 62000 ops in 225.39 seconds
Executed 63000 ops in 226.80 seconds
Executed 64000 ops in 228.20 seconds
Executed 65000 ops in 229.58 seconds
Executed 66000 ops in 230.99 seconds
Executed 67000 ops in 232.41 seconds
Executed 68000 ops in 233.83 seconds
Executed 69000 ops in 235.23 seconds
Executed 70000 ops in 236.60 seconds
Executed 71000 ops in 238.04 seconds
Executed 72000 ops in 239.45 seconds
Executed 73000 ops in 240.85 seconds
Executed 74000 ops in 242.20 seconds
Executed 75000 ops in 243.54 seconds
Executed 76000 ops in 244.91 seconds
Executed 77000 ops in 246.34 seconds
Executed 78000 ops in 247.71 seconds
Executed 79000 ops in 249.13 seconds
Executed 80000 ops in 250.51 seconds
Executed 81000 ops in 251.88 seconds
Executed 82000 ops in 253.26 seconds
Executed 83000 ops in 254.59 seconds
Executed 84000 ops in 255.92 seconds
Executed 85000 ops in 257.30 seconds
Executed 86000 ops in 258.68 seconds
Executed 87000 ops in 260.07 seconds
Executed 88000 ops in 261.42 seconds
Executed 89000 ops in 262.77 seconds
Executed 90000 ops in 264.18 seconds
Executed 91000 ops in 265.63 seconds
Executed 92000 ops in 267.06 seconds
Executed 93000 ops in 268.49 seconds
Executed 94000 ops in 269.83 seconds
Executed 95000 ops in 271.19 seconds
Executed 96000 ops in 272.60 seconds
Executed 97000 ops in 274.00 seconds
Executed 98000 ops in 275.42 seconds
Executed 99000 ops in 276.81 seconds
Executed 100000 ops in 278.17 seconds

Verifying stored records...
✅ Found entry: y_id = 1edf7905-e9d9-4f5c-bb23-e865c727df3c, field0 = value_3628
✅ Found entry: y_id = db1ce299-736d-48e1-a098-b65ea13d5022, field0 = value_2756
✅ Found entry: y_id = 6d6e8a7c-c0ca-468b-8dd1-abafaa82b920, field0 = value_4843
✅ Found entry: y_id = ffcb8caa-3db4-4053-8c66-051c8ee04671, field0 = value_6224
✅ Found entry: y_id = 15a0cda5-fc19-42d6-a3fe-4c2f31664527, field0 = value_1983
