Executing:

        CREATE TABLE IF NOT EXISTS usertable (
            y_id text PRIMARY KEY,
            field0 text
        )
     WITH compaction = {'class': 'SizeTieredCompactionStrategy', 'bucket_high': 1.5, 'bucket_low': 0.5, 'min_sstable_size': 50, 'min_threshold': 4, 'max_threshold': 4}

Inserted 0 ops in 0.00 seconds
Inserted 1000 ops in 1.18 seconds
Inserted 2000 ops in 2.33 seconds
Inserted 3000 ops in 3.49 seconds
Inserted 4000 ops in 4.79 seconds
Inserted 5000 ops in 5.91 seconds
Inserted 6000 ops in 7.10 seconds
Inserted 7000 ops in 8.28 seconds
Inserted 8000 ops in 9.47 seconds
Inserted 9000 ops in 10.67 seconds
Executed 10000 ops in 11.82 seconds
Executed 0 ops in 0.00 seconds
Executed 1000 ops in 1.37 seconds
Executed 2000 ops in 2.74 seconds
Executed 3000 ops in 4.11 seconds
Executed 4000 ops in 5.52 seconds
Executed 5000 ops in 6.93 seconds
Executed 6000 ops in 8.31 seconds
Executed 7000 ops in 9.72 seconds
Executed 8000 ops in 11.16 seconds
Executed 9000 ops in 12.63 seconds
Executed 10000 ops in 14.08 seconds
Executed 11000 ops in 15.53 seconds
Executed 12000 ops in 16.93 seconds
Executed 13000 ops in 18.36 seconds
Executed 14000 ops in 19.82 seconds
Executed 15000 ops in 21.30 seconds
Executed 16000 ops in 22.75 seconds
Executed 17000 ops in 24.21 seconds
Executed 18000 ops in 25.67 seconds
Executed 19000 ops in 27.12 seconds
Executed 20000 ops in 28.61 seconds
Executed 21000 ops in 30.06 seconds
Executed 22000 ops in 31.50 seconds
Executed 23000 ops in 32.92 seconds
Executed 24000 ops in 34.36 seconds
Executed 25000 ops in 35.83 seconds
Executed 26000 ops in 37.28 seconds
Executed 27000 ops in 38.71 seconds
Executed 28000 ops in 40.14 seconds
Executed 29000 ops in 41.59 seconds
Executed 30000 ops in 43.04 seconds
Executed 31000 ops in 44.49 seconds
Executed 32000 ops in 45.94 seconds
Executed 33000 ops in 47.39 seconds
Executed 34000 ops in 48.78 seconds
Executed 35000 ops in 50.20 seconds
Executed 36000 ops in 51.66 seconds
Executed 37000 ops in 53.11 seconds
Executed 38000 ops in 54.59 seconds
Executed 39000 ops in 56.04 seconds
Executed 40000 ops in 57.49 seconds
Executed 41000 ops in 58.97 seconds
Executed 42000 ops in 60.43 seconds
Executed 43000 ops in 61.90 seconds
Executed 44000 ops in 63.34 seconds
Executed 45000 ops in 64.79 seconds
Executed 46000 ops in 66.25 seconds
Executed 47000 ops in 67.72 seconds
Executed 48000 ops in 69.22 seconds
Executed 49000 ops in 70.69 seconds
Executed 50000 ops in 72.15 seconds
Executed 51000 ops in 73.61 seconds
Executed 52000 ops in 75.07 seconds
Executed 53000 ops in 76.52 seconds
Executed 54000 ops in 77.99 seconds
Executed 55000 ops in 79.44 seconds
Executed 56000 ops in 80.90 seconds
Executed 57000 ops in 82.35 seconds
Executed 58000 ops in 83.79 seconds
Executed 59000 ops in 85.26 seconds
Executed 60000 ops in 86.73 seconds
Executed 61000 ops in 88.16 seconds
Executed 62000 ops in 89.60 seconds
Executed 63000 ops in 91.06 seconds
Executed 64000 ops in 92.50 seconds
Executed 65000 ops in 93.92 seconds
Executed 66000 ops in 95.39 seconds
Executed 67000 ops in 96.84 seconds
Executed 68000 ops in 98.25 seconds
Executed 69000 ops in 99.67 seconds
Executed 70000 ops in 101.14 seconds
Executed 71000 ops in 102.59 seconds
Executed 72000 ops in 104.04 seconds
Executed 73000 ops in 105.49 seconds
Executed 74000 ops in 106.94 seconds
Executed 75000 ops in 108.38 seconds
Executed 76000 ops in 109.86 seconds
Executed 77000 ops in 111.28 seconds
Executed 78000 ops in 112.71 seconds
Executed 79000 ops in 114.18 seconds
Executed 80000 ops in 115.61 seconds
Executed 81000 ops in 117.02 seconds
Executed 82000 ops in 118.48 seconds
Executed 83000 ops in 119.96 seconds
Executed 84000 ops in 121.40 seconds
Executed 85000 ops in 122.84 seconds
Executed 86000 ops in 124.24 seconds
Executed 87000 ops in 125.71 seconds
Executed 88000 ops in 127.19 seconds
Executed 89000 ops in 128.65 seconds
Executed 90000 ops in 130.11 seconds
Executed 91000 ops in 131.59 seconds
Executed 92000 ops in 133.07 seconds
Executed 93000 ops in 134.53 seconds
Executed 94000 ops in 135.98 seconds
Executed 95000 ops in 137.45 seconds
Executed 96000 ops in 138.86 seconds
Executed 97000 ops in 140.31 seconds
Executed 98000 ops in 141.77 seconds
Executed 99000 ops in 143.20 seconds
Executed 0 ops in 144.67 seconds
Executed 1000 ops in 146.13 seconds
Executed 2000 ops in 147.60 seconds
Executed 3000 ops in 149.06 seconds
Executed 4000 ops in 150.49 seconds
Executed 5000 ops in 151.96 seconds
Executed 6000 ops in 153.42 seconds
Executed 7000 ops in 154.88 seconds
Executed 8000 ops in 156.33 seconds
Executed 9000 ops in 157.79 seconds
Executed 10000 ops in 159.27 seconds
Executed 11000 ops in 160.73 seconds
Executed 12000 ops in 162.20 seconds
Executed 13000 ops in 163.65 seconds
Executed 14000 ops in 165.11 seconds
Executed 15000 ops in 166.56 seconds
Executed 16000 ops in 168.03 seconds
Executed 17000 ops in 169.49 seconds
Executed 18000 ops in 170.91 seconds
Executed 19000 ops in 172.38 seconds
Executed 20000 ops in 173.86 seconds
Executed 21000 ops in 175.30 seconds
Executed 22000 ops in 176.76 seconds
Executed 23000 ops in 178.23 seconds
Executed 24000 ops in 179.70 seconds
Executed 25000 ops in 181.16 seconds
Executed 26000 ops in 182.63 seconds
Executed 27000 ops in 184.11 seconds
Executed 28000 ops in 185.57 seconds
Executed 29000 ops in 187.05 seconds
Executed 30000 ops in 188.49 seconds
Executed 31000 ops in 189.91 seconds
Executed 32000 ops in 191.37 seconds
Executed 33000 ops in 192.76 seconds
Executed 34000 ops in 194.19 seconds
Executed 35000 ops in 195.66 seconds
Executed 36000 ops in 197.12 seconds
Executed 37000 ops in 198.57 seconds
Executed 38000 ops in 200.03 seconds
Executed 39000 ops in 201.46 seconds
Executed 40000 ops in 202.94 seconds
Executed 41000 ops in 204.37 seconds
Executed 42000 ops in 205.82 seconds
Executed 43000 ops in 207.31 seconds
Executed 44000 ops in 208.78 seconds
Executed 45000 ops in 210.26 seconds
Executed 46000 ops in 211.73 seconds
Executed 47000 ops in 213.20 seconds
Executed 48000 ops in 214.66 seconds
Executed 49000 ops in 216.13 seconds
Executed 50000 ops in 217.59 seconds
Executed 51000 ops in 219.04 seconds
Executed 52000 ops in 220.49 seconds
Executed 53000 ops in 221.96 seconds
Executed 54000 ops in 223.42 seconds
Executed 55000 ops in 224.83 seconds
Executed 56000 ops in 226.30 seconds
Executed 57000 ops in 227.74 seconds
Executed 58000 ops in 229.22 seconds
Executed 59000 ops in 230.67 seconds
Executed 60000 ops in 232.08 seconds
Executed 61000 ops in 233.54 seconds
Executed 62000 ops in 235.00 seconds
Executed 63000 ops in 236.45 seconds
Executed 64000 ops in 237.92 seconds
Executed 65000 ops in 239.42 seconds
Executed 66000 ops in 240.89 seconds
Executed 67000 ops in 242.34 seconds
Executed 68000 ops in 243.81 seconds
Executed 69000 ops in 245.27 seconds
Executed 70000 ops in 246.69 seconds
Executed 71000 ops in 248.16 seconds
Executed 72000 ops in 249.63 seconds
Executed 73000 ops in 251.09 seconds
Executed 74000 ops in 252.56 seconds
Executed 75000 ops in 254.02 seconds
Executed 76000 ops in 255.48 seconds
Executed 77000 ops in 256.96 seconds
Executed 78000 ops in 258.42 seconds
Executed 79000 ops in 259.88 seconds
Executed 80000 ops in 261.35 seconds
Executed 81000 ops in 262.79 seconds
Executed 82000 ops in 264.25 seconds
Executed 83000 ops in 265.72 seconds
Executed 84000 ops in 267.16 seconds
Executed 85000 ops in 268.63 seconds
Executed 86000 ops in 270.10 seconds
Executed 87000 ops in 271.57 seconds
Executed 88000 ops in 273.05 seconds
Executed 89000 ops in 274.52 seconds
Executed 90000 ops in 276.01 seconds
Executed 91000 ops in 277.48 seconds
Executed 92000 ops in 278.92 seconds
Executed 93000 ops in 280.35 seconds
Executed 94000 ops in 281.80 seconds
Executed 95000 ops in 283.27 seconds
Executed 96000 ops in 284.72 seconds
Executed 97000 ops in 286.15 seconds
Executed 98000 ops in 287.58 seconds
Executed 99000 ops in 289.05 seconds
Executed 100000 ops in 290.53 seconds

Verifying stored records...
✅ Found entry: y_id = fccab85f-32d4-4fc3-bb6d-ccabbb1697f2, field0 = value_2572
✅ Found entry: y_id = 2a99a53f-d089-4308-9a6d-c4bdb5b0532b, field0 = value_2191
✅ Found entry: y_id = 5909a1db-0713-4fc6-9224-2ba25a3087cd, field0 = value_6011
✅ Found entry: y_id = b996df63-47a7-49c6-8c09-f58251b59a3a, field0 = value_6216
✅ Found entry: y_id = 44c13ca9-6475-458e-81c0-4fb66a983e2e, field0 = value_3483
