Executing:

        CREATE TABLE IF NOT EXISTS usertable (
            y_id text PRIMARY KEY,
            field0 text
        )
     WITH compaction = {'class': 'SizeTieredCompactionStrategy', 'bucket_high': 1.5, 'bucket_low': 0.5, 'min_sstable_size': 50, 'min_threshold': 4, 'max_threshold': 4}

Inserted 0 ops in 0.00 seconds
Inserted 1000 ops in 1.20 seconds
Inserted 2000 ops in 2.36 seconds
Inserted 3000 ops in 3.53 seconds
Inserted 4000 ops in 4.96 seconds
Inserted 5000 ops in 6.10 seconds
Inserted 6000 ops in 7.54 seconds
Inserted 7000 ops in 8.69 seconds
Inserted 8000 ops in 9.83 seconds
Inserted 9000 ops in 11.21 seconds
Executed 10000 ops in 12.40 seconds
Executed 0 ops in 0.00 seconds
Executed 1000 ops in 1.38 seconds
Executed 2000 ops in 2.76 seconds
Executed 3000 ops in 4.43 seconds
Executed 4000 ops in 5.83 seconds
Executed 5000 ops in 7.51 seconds
Executed 6000 ops in 8.90 seconds
Executed 7000 ops in 10.28 seconds
Executed 8000 ops in 11.70 seconds
Executed 9000 ops in 13.14 seconds
Executed 10000 ops in 14.62 seconds
Executed 11000 ops in 16.09 seconds
Executed 12000 ops in 17.55 seconds
Executed 13000 ops in 18.99 seconds
Executed 14000 ops in 20.46 seconds
Executed 15000 ops in 21.91 seconds
Executed 16000 ops in 23.37 seconds
Executed 17000 ops in 24.78 seconds
Executed 18000 ops in 26.23 seconds
Executed 19000 ops in 27.72 seconds
Executed 20000 ops in 29.17 seconds
Executed 21000 ops in 30.63 seconds
Executed 22000 ops in 32.08 seconds
Executed 23000 ops in 33.51 seconds
Executed 24000 ops in 34.96 seconds
Executed 25000 ops in 36.43 seconds
Executed 26000 ops in 37.89 seconds
Executed 27000 ops in 39.37 seconds
Executed 28000 ops in 40.85 seconds
Executed 29000 ops in 42.30 seconds
Executed 30000 ops in 43.79 seconds
Executed 31000 ops in 45.22 seconds
Executed 32000 ops in 46.69 seconds
Executed 33000 ops in 48.17 seconds
Executed 34000 ops in 49.64 seconds
Executed 35000 ops in 51.07 seconds
Executed 36000 ops in 52.55 seconds
Executed 37000 ops in 54.01 seconds
Executed 38000 ops in 55.46 seconds
Executed 39000 ops in 56.90 seconds
Executed 40000 ops in 58.37 seconds
Executed 41000 ops in 59.85 seconds
Executed 42000 ops in 61.30 seconds
Executed 43000 ops in 62.77 seconds
Executed 44000 ops in 64.26 seconds
Executed 45000 ops in 65.73 seconds
Executed 46000 ops in 67.19 seconds
Executed 47000 ops in 68.64 seconds
Executed 48000 ops in 70.06 seconds
Executed 49000 ops in 71.51 seconds
Executed 50000 ops in 72.91 seconds
Executed 51000 ops in 74.37 seconds
Executed 52000 ops in 75.84 seconds
Executed 53000 ops in 77.29 seconds
Executed 54000 ops in 78.76 seconds
Executed 55000 ops in 80.21 seconds
Executed 56000 ops in 81.66 seconds
Executed 57000 ops in 83.10 seconds
Executed 58000 ops in 84.56 seconds
Executed 59000 ops in 86.01 seconds
Executed 60000 ops in 87.49 seconds
Executed 61000 ops in 88.96 seconds
Executed 62000 ops in 90.41 seconds
Executed 63000 ops in 91.89 seconds
Executed 64000 ops in 93.35 seconds
Executed 65000 ops in 94.82 seconds
Executed 66000 ops in 96.29 seconds
Executed 67000 ops in 97.77 seconds
Executed 68000 ops in 99.23 seconds
Executed 69000 ops in 100.62 seconds
Executed 70000 ops in 102.07 seconds
Executed 71000 ops in 103.53 seconds
Executed 72000 ops in 105.00 seconds
Executed 73000 ops in 106.46 seconds
Executed 74000 ops in 107.91 seconds
Executed 75000 ops in 109.37 seconds
Executed 76000 ops in 110.82 seconds
Executed 77000 ops in 112.29 seconds
Executed 78000 ops in 113.77 seconds
Executed 79000 ops in 115.20 seconds
Executed 80000 ops in 116.67 seconds
Executed 81000 ops in 118.12 seconds
Executed 82000 ops in 119.58 seconds
Executed 83000 ops in 121.01 seconds
Executed 84000 ops in 122.47 seconds
Executed 85000 ops in 123.94 seconds
Executed 86000 ops in 125.41 seconds
Executed 87000 ops in 126.85 seconds
Executed 88000 ops in 128.32 seconds
Executed 89000 ops in 129.71 seconds
Executed 90000 ops in 131.14 seconds
Executed 91000 ops in 132.63 seconds
Executed 92000 ops in 134.07 seconds
Executed 93000 ops in 135.49 seconds
Executed 94000 ops in 136.95 seconds
Executed 95000 ops in 138.40 seconds
Executed 96000 ops in 139.85 seconds
Executed 97000 ops in 141.31 seconds
Executed 98000 ops in 142.74 seconds
Executed 99000 ops in 144.21 seconds
Executed 0 ops in 145.68 seconds
Executed 1000 ops in 147.14 seconds
Executed 2000 ops in 148.60 seconds
Executed 3000 ops in 150.07 seconds
Executed 4000 ops in 151.57 seconds
Executed 5000 ops in 153.05 seconds
Executed 6000 ops in 154.51 seconds
Executed 7000 ops in 155.95 seconds
Executed 8000 ops in 157.39 seconds
Executed 9000 ops in 158.86 seconds
Executed 10000 ops in 160.31 seconds
Executed 11000 ops in 161.68 seconds
Executed 12000 ops in 163.09 seconds
Executed 13000 ops in 164.54 seconds
Executed 14000 ops in 166.01 seconds
Executed 15000 ops in 167.51 seconds
Executed 16000 ops in 168.95 seconds
Executed 17000 ops in 170.40 seconds
Executed 18000 ops in 171.88 seconds
Executed 19000 ops in 173.32 seconds
Executed 20000 ops in 174.77 seconds
Executed 21000 ops in 176.24 seconds
Executed 22000 ops in 177.72 seconds
Executed 23000 ops in 179.14 seconds
Executed 24000 ops in 180.60 seconds
Executed 25000 ops in 182.07 seconds
Executed 26000 ops in 183.51 seconds
Executed 27000 ops in 184.97 seconds
Executed 28000 ops in 186.46 seconds
Executed 29000 ops in 187.93 seconds
Executed 30000 ops in 189.41 seconds
Executed 31000 ops in 190.88 seconds
Executed 32000 ops in 192.35 seconds
Executed 33000 ops in 193.83 seconds
Executed 34000 ops in 195.31 seconds
Executed 35000 ops in 196.77 seconds
Executed 36000 ops in 198.21 seconds
Executed 37000 ops in 199.69 seconds
Executed 38000 ops in 201.15 seconds
Executed 39000 ops in 202.63 seconds
Executed 40000 ops in 204.10 seconds
Executed 41000 ops in 205.56 seconds
Executed 42000 ops in 207.01 seconds
Executed 43000 ops in 208.46 seconds
Executed 44000 ops in 209.93 seconds
Executed 45000 ops in 211.40 seconds
Executed 46000 ops in 212.87 seconds
Executed 47000 ops in 214.33 seconds
Executed 48000 ops in 215.81 seconds
Executed 49000 ops in 217.30 seconds
Executed 50000 ops in 218.72 seconds
Executed 51000 ops in 220.15 seconds
Executed 52000 ops in 221.59 seconds
Executed 53000 ops in 223.02 seconds
Executed 54000 ops in 224.48 seconds
Executed 55000 ops in 225.96 seconds
Executed 56000 ops in 227.43 seconds
Executed 57000 ops in 228.88 seconds
Executed 58000 ops in 230.31 seconds
Executed 59000 ops in 231.77 seconds
Executed 60000 ops in 233.23 seconds
Executed 61000 ops in 234.69 seconds
Executed 62000 ops in 236.17 seconds
Executed 63000 ops in 237.65 seconds
Executed 64000 ops in 239.11 seconds
Executed 65000 ops in 240.60 seconds
Executed 66000 ops in 242.07 seconds
Executed 67000 ops in 243.54 seconds
Executed 68000 ops in 244.99 seconds
Executed 69000 ops in 246.44 seconds
Executed 70000 ops in 247.91 seconds
Executed 71000 ops in 249.38 seconds
Executed 72000 ops in 250.82 seconds
Executed 73000 ops in 252.29 seconds
Executed 74000 ops in 253.75 seconds
Executed 75000 ops in 255.20 seconds
Executed 76000 ops in 256.67 seconds
Executed 77000 ops in 258.13 seconds
Executed 78000 ops in 259.56 seconds
Executed 79000 ops in 261.03 seconds
Executed 80000 ops in 262.49 seconds
Executed 81000 ops in 263.94 seconds
Executed 82000 ops in 265.39 seconds
Executed 83000 ops in 266.86 seconds
Executed 84000 ops in 268.34 seconds
Executed 85000 ops in 269.80 seconds
Executed 86000 ops in 271.26 seconds
Executed 87000 ops in 272.71 seconds
Executed 88000 ops in 274.18 seconds
Executed 89000 ops in 275.65 seconds
Executed 90000 ops in 277.12 seconds
Executed 91000 ops in 278.55 seconds
Executed 92000 ops in 280.00 seconds
Executed 93000 ops in 281.46 seconds
Executed 94000 ops in 282.90 seconds
Executed 95000 ops in 284.38 seconds
Executed 96000 ops in 285.85 seconds
Executed 97000 ops in 287.34 seconds
Executed 98000 ops in 288.81 seconds
Executed 99000 ops in 290.27 seconds
Executed 100000 ops in 291.72 seconds

Verifying stored records...
✅ Found entry: y_id = 0c0adbec-1ed4-4d3d-a54b-70cff3ca1f86, field0 = value_6411
✅ Found entry: y_id = 12086f38-9eab-4335-8a37-a19e0ccfb162, field0 = value_4587
✅ Found entry: y_id = ce9be8c9-b6f2-41a6-95e8-6a99cd67f3c3, field0 = value_9235
✅ Found entry: y_id = fbcf8111-4e0d-4051-8b33-d797d69ccdf7, field0 = value_5643
✅ Found entry: y_id = e9b355f9-dd36-472c-a2b8-92571e1a3b80, field0 = value_3877
