Executing:

        CREATE TABLE IF NOT EXISTS usertable (
            y_id text PRIMARY KEY,
            field0 text
        )
     WITH compaction = {'class': 'TimeWindowCompactionStrategy', 'compaction_window_unit': 'DAYS', 'compaction_window_size': 1, 'expired_sstable_check_frequency_seconds': 60, 'min_threshold': 4, 'max_threshold': 4}

Inserted 0 ops in 0.00 seconds
Inserted 1000 ops in 1.19 seconds
Inserted 2000 ops in 2.35 seconds
Inserted 3000 ops in 3.71 seconds
Inserted 4000 ops in 4.78 seconds
Inserted 5000 ops in 5.84 seconds
Inserted 6000 ops in 7.19 seconds
Inserted 7000 ops in 8.34 seconds
Inserted 8000 ops in 9.51 seconds
Inserted 9000 ops in 10.77 seconds
Executed 10000 ops in 11.92 seconds
Executed 0 ops in 0.00 seconds
Executed 1000 ops in 1.38 seconds
Executed 2000 ops in 2.72 seconds
Executed 3000 ops in 4.10 seconds
Executed 4000 ops in 5.50 seconds
Executed 5000 ops in 6.91 seconds
Executed 6000 ops in 8.28 seconds
Executed 7000 ops in 9.66 seconds
Executed 8000 ops in 11.06 seconds
Executed 9000 ops in 12.40 seconds
Executed 10000 ops in 13.76 seconds
Executed 11000 ops in 15.18 seconds
Executed 12000 ops in 16.60 seconds
Executed 13000 ops in 18.01 seconds
Executed 14000 ops in 19.42 seconds
Executed 15000 ops in 20.85 seconds
Executed 16000 ops in 22.18 seconds
Executed 17000 ops in 23.49 seconds
Executed 18000 ops in 24.89 seconds
Executed 19000 ops in 26.30 seconds
Executed 20000 ops in 27.65 seconds
Executed 21000 ops in 29.02 seconds
Executed 22000 ops in 30.43 seconds
Executed 23000 ops in 31.82 seconds
Executed 24000 ops in 33.23 seconds
Executed 25000 ops in 34.57 seconds
Executed 26000 ops in 35.95 seconds
Executed 27000 ops in 37.37 seconds
Executed 28000 ops in 38.74 seconds
Executed 29000 ops in 40.13 seconds
Executed 30000 ops in 41.53 seconds
Executed 31000 ops in 42.92 seconds
Executed 32000 ops in 44.25 seconds
Executed 33000 ops in 45.58 seconds
Executed 34000 ops in 46.98 seconds
Executed 35000 ops in 48.39 seconds
Executed 36000 ops in 49.79 seconds
Executed 37000 ops in 51.13 seconds
Executed 38000 ops in 52.47 seconds
Executed 39000 ops in 53.84 seconds
Executed 40000 ops in 55.23 seconds
Executed 41000 ops in 56.63 seconds
Executed 42000 ops in 57.94 seconds
Executed 43000 ops in 59.30 seconds
Executed 44000 ops in 60.63 seconds
Executed 45000 ops in 62.04 seconds
Executed 46000 ops in 63.43 seconds
Executed 47000 ops in 64.84 seconds
Executed 48000 ops in 66.20 seconds
Executed 49000 ops in 67.55 seconds
Executed 50000 ops in 68.95 seconds
Executed 51000 ops in 70.31 seconds
Executed 52000 ops in 71.73 seconds
Executed 53000 ops in 73.14 seconds
Executed 54000 ops in 74.52 seconds
Executed 55000 ops in 75.90 seconds
Executed 56000 ops in 77.26 seconds
Executed 57000 ops in 78.63 seconds
Executed 58000 ops in 80.03 seconds
Executed 59000 ops in 81.45 seconds
Executed 60000 ops in 82.84 seconds
Executed 61000 ops in 84.24 seconds
Executed 62000 ops in 85.62 seconds
Executed 63000 ops in 87.01 seconds
Executed 64000 ops in 88.41 seconds
Executed 65000 ops in 89.77 seconds
Executed 66000 ops in 91.16 seconds
Executed 67000 ops in 92.56 seconds
Executed 68000 ops in 93.91 seconds
Executed 69000 ops in 95.29 seconds
Executed 70000 ops in 96.70 seconds
Executed 71000 ops in 98.13 seconds
Executed 72000 ops in 99.51 seconds
Executed 73000 ops in 100.80 seconds
Executed 74000 ops in 102.20 seconds
Executed 75000 ops in 103.57 seconds
Executed 76000 ops in 104.96 seconds
Executed 77000 ops in 106.35 seconds
Executed 78000 ops in 107.75 seconds
Executed 79000 ops in 109.16 seconds
Executed 80000 ops in 110.55 seconds
Executed 81000 ops in 111.97 seconds
Executed 82000 ops in 113.38 seconds
Executed 83000 ops in 114.78 seconds
Executed 84000 ops in 116.19 seconds
Executed 85000 ops in 117.59 seconds
Executed 86000 ops in 118.99 seconds
Executed 87000 ops in 120.35 seconds
Executed 88000 ops in 121.73 seconds
Executed 89000 ops in 123.16 seconds
Executed 90000 ops in 124.52 seconds
Executed 91000 ops in 125.92 seconds
Executed 92000 ops in 127.31 seconds
Executed 93000 ops in 128.72 seconds
Executed 94000 ops in 130.11 seconds
Executed 95000 ops in 131.49 seconds
Executed 96000 ops in 132.85 seconds
Executed 97000 ops in 134.25 seconds
Executed 98000 ops in 135.63 seconds
Executed 99000 ops in 136.99 seconds
Executed 0 ops in 138.37 seconds
Executed 1000 ops in 139.79 seconds
Executed 2000 ops in 141.20 seconds
Executed 3000 ops in 142.59 seconds
Executed 4000 ops in 143.92 seconds
Executed 5000 ops in 145.31 seconds
Executed 6000 ops in 146.70 seconds
Executed 7000 ops in 148.05 seconds
Executed 8000 ops in 149.47 seconds
Executed 9000 ops in 150.90 seconds
Executed 10000 ops in 152.27 seconds
Executed 11000 ops in 153.63 seconds
Executed 12000 ops in 154.95 seconds
Executed 13000 ops in 156.29 seconds
Executed 14000 ops in 157.64 seconds
Executed 15000 ops in 159.09 seconds
Executed 16000 ops in 160.48 seconds
Executed 17000 ops in 161.82 seconds
Executed 18000 ops in 163.20 seconds
Executed 19000 ops in 164.62 seconds
Executed 20000 ops in 166.03 seconds
Executed 21000 ops in 167.46 seconds
Executed 22000 ops in 168.85 seconds
Executed 23000 ops in 170.25 seconds
Executed 24000 ops in 171.66 seconds
Executed 25000 ops in 173.07 seconds
Executed 26000 ops in 174.47 seconds
Executed 27000 ops in 175.88 seconds
Executed 28000 ops in 177.27 seconds
Executed 29000 ops in 178.68 seconds
Executed 30000 ops in 180.09 seconds
Executed 31000 ops in 181.42 seconds
Executed 32000 ops in 182.80 seconds
Executed 33000 ops in 184.22 seconds
Executed 34000 ops in 185.64 seconds
Executed 35000 ops in 187.05 seconds
Executed 36000 ops in 188.43 seconds
Executed 37000 ops in 189.85 seconds
Executed 38000 ops in 191.22 seconds
Executed 39000 ops in 192.59 seconds
Executed 40000 ops in 193.99 seconds
Executed 41000 ops in 195.40 seconds
Executed 42000 ops in 196.83 seconds
Executed 43000 ops in 198.23 seconds
Executed 44000 ops in 199.62 seconds
Executed 45000 ops in 200.93 seconds
Executed 46000 ops in 202.26 seconds
Executed 47000 ops in 203.64 seconds
Executed 48000 ops in 205.07 seconds
Executed 49000 ops in 206.50 seconds
Executed 50000 ops in 207.88 seconds
Executed 51000 ops in 209.25 seconds
Executed 52000 ops in 210.63 seconds
Executed 53000 ops in 212.00 seconds
Executed 54000 ops in 213.33 seconds
Executed 55000 ops in 214.68 seconds
Executed 56000 ops in 216.02 seconds
Executed 57000 ops in 217.42 seconds
Executed 58000 ops in 218.81 seconds
Executed 59000 ops in 220.22 seconds
Executed 60000 ops in 221.61 seconds
Executed 61000 ops in 222.99 seconds
Executed 62000 ops in 224.35 seconds
Executed 63000 ops in 225.70 seconds
Executed 64000 ops in 227.12 seconds
Executed 65000 ops in 228.57 seconds
Executed 66000 ops in 229.96 seconds
Executed 67000 ops in 231.30 seconds
Executed 68000 ops in 232.67 seconds
Executed 69000 ops in 234.07 seconds
Executed 70000 ops in 235.48 seconds
Executed 71000 ops in 236.89 seconds
Executed 72000 ops in 238.32 seconds
Executed 73000 ops in 239.71 seconds
Executed 74000 ops in 241.05 seconds
Executed 75000 ops in 242.44 seconds
Executed 76000 ops in 243.79 seconds
Executed 77000 ops in 245.20 seconds
Executed 78000 ops in 246.52 seconds
Executed 79000 ops in 247.86 seconds
Executed 80000 ops in 249.20 seconds
Executed 81000 ops in 250.56 seconds
Executed 82000 ops in 251.90 seconds
Executed 83000 ops in 253.27 seconds
Executed 84000 ops in 254.64 seconds
Executed 85000 ops in 256.02 seconds
Executed 86000 ops in 257.42 seconds
Executed 87000 ops in 258.82 seconds
Executed 88000 ops in 260.23 seconds
Executed 89000 ops in 261.60 seconds
Executed 90000 ops in 263.01 seconds
Executed 91000 ops in 264.43 seconds
Executed 92000 ops in 265.83 seconds
Executed 93000 ops in 267.24 seconds
Executed 94000 ops in 268.64 seconds
Executed 95000 ops in 270.06 seconds
Executed 96000 ops in 271.47 seconds
Executed 97000 ops in 272.86 seconds
Executed 98000 ops in 274.26 seconds
Executed 99000 ops in 275.66 seconds
Executed 100000 ops in 277.06 seconds

Verifying stored records...
✅ Found entry: y_id = ec7db355-5947-4a88-ae5e-4b03196d13cf, field0 = value_5873
✅ Found entry: y_id = 67e8ff21-f598-4544-8188-6c192ceae057, field0 = value_1876
✅ Found entry: y_id = 11c8708e-f170-4f40-a701-c252807efc3d, field0 = value_1206
✅ Found entry: y_id = 10bc5800-b2df-44b2-90f9-327ed6ffb3ea, field0 = value_5443
✅ Found entry: y_id = 41be5a9c-4a79-4f98-82db-7f7bb1582253, field0 = value_8734
