Executing:

        CREATE TABLE IF NOT EXISTS usertable (
            y_id text PRIMARY KEY,
            field0 text
        )
     WITH compaction = {'class': 'TimeWindowCompactionStrategy', 'compaction_window_unit': 'DAYS', 'compaction_window_size': 1, 'expired_sstable_check_frequency_seconds': 60, 'min_threshold': 4, 'max_threshold': 4}

Inserted 0 ops in 0.01 seconds
Inserted 1000 ops in 1.34 seconds
Inserted 2000 ops in 2.84 seconds
Inserted 3000 ops in 4.18 seconds
Inserted 4000 ops in 5.27 seconds
Inserted 5000 ops in 6.45 seconds
Inserted 6000 ops in 8.04 seconds
Inserted 7000 ops in 9.18 seconds
Inserted 8000 ops in 10.37 seconds
Inserted 9000 ops in 11.77 seconds
Executed 10000 ops in 12.92 seconds
Executed 0 ops in 0.00 seconds
Executed 1000 ops in 1.68 seconds
Executed 2000 ops in 3.03 seconds
Executed 3000 ops in 4.39 seconds
Executed 4000 ops in 5.74 seconds
Executed 5000 ops in 7.11 seconds
Executed 6000 ops in 8.51 seconds
Executed 7000 ops in 9.93 seconds
Executed 8000 ops in 11.33 seconds
Executed 9000 ops in 12.73 seconds
Executed 10000 ops in 14.12 seconds
Executed 11000 ops in 15.55 seconds
Executed 12000 ops in 16.96 seconds
Executed 13000 ops in 18.35 seconds
Executed 14000 ops in 19.71 seconds
Executed 15000 ops in 21.08 seconds
Executed 16000 ops in 22.44 seconds
Executed 17000 ops in 23.79 seconds
Executed 18000 ops in 25.17 seconds
Executed 19000 ops in 26.58 seconds
Executed 20000 ops in 28.01 seconds
Executed 21000 ops in 29.45 seconds
Executed 22000 ops in 30.86 seconds
Executed 23000 ops in 32.25 seconds
Executed 24000 ops in 33.66 seconds
Executed 25000 ops in 34.98 seconds
Executed 26000 ops in 36.39 seconds
Executed 27000 ops in 37.81 seconds
Executed 28000 ops in 39.15 seconds
Executed 29000 ops in 40.51 seconds
Executed 30000 ops in 41.89 seconds
Executed 31000 ops in 43.23 seconds
Executed 32000 ops in 44.61 seconds
Executed 33000 ops in 46.03 seconds
Executed 34000 ops in 47.43 seconds
Executed 35000 ops in 48.84 seconds
Executed 36000 ops in 50.23 seconds
Executed 37000 ops in 51.65 seconds
Executed 38000 ops in 53.00 seconds
Executed 39000 ops in 54.40 seconds
Executed 40000 ops in 55.82 seconds
Executed 41000 ops in 57.17 seconds
Executed 42000 ops in 58.51 seconds
Executed 43000 ops in 59.87 seconds
Executed 44000 ops in 61.27 seconds
Executed 45000 ops in 62.72 seconds
Executed 46000 ops in 64.11 seconds
Executed 47000 ops in 65.50 seconds
Executed 48000 ops in 66.91 seconds
Executed 49000 ops in 68.29 seconds
Executed 50000 ops in 69.71 seconds
Executed 51000 ops in 71.11 seconds
Executed 52000 ops in 72.51 seconds
Executed 53000 ops in 73.90 seconds
Executed 54000 ops in 75.24 seconds
Executed 55000 ops in 76.58 seconds
Executed 56000 ops in 77.97 seconds
Executed 57000 ops in 79.34 seconds
Executed 58000 ops in 80.74 seconds
Executed 59000 ops in 82.14 seconds
Executed 60000 ops in 83.50 seconds
Executed 61000 ops in 84.91 seconds
Executed 62000 ops in 86.32 seconds
Executed 63000 ops in 87.72 seconds
Executed 64000 ops in 89.06 seconds
Executed 65000 ops in 90.40 seconds
Executed 66000 ops in 91.80 seconds
Executed 67000 ops in 93.18 seconds
Executed 68000 ops in 94.62 seconds
Executed 69000 ops in 96.03 seconds
Executed 70000 ops in 97.42 seconds
Executed 71000 ops in 98.80 seconds
Executed 72000 ops in 100.15 seconds
Executed 73000 ops in 101.54 seconds
Executed 74000 ops in 102.89 seconds
Executed 75000 ops in 104.25 seconds
Executed 76000 ops in 105.60 seconds
Executed 77000 ops in 106.93 seconds
Executed 78000 ops in 108.34 seconds
Executed 79000 ops in 109.74 seconds
Executed 80000 ops in 111.06 seconds
Executed 81000 ops in 112.47 seconds
Executed 82000 ops in 113.84 seconds
Executed 83000 ops in 115.19 seconds
Executed 84000 ops in 116.57 seconds
Executed 85000 ops in 117.98 seconds
Executed 86000 ops in 119.38 seconds
Executed 87000 ops in 120.75 seconds
Executed 88000 ops in 122.13 seconds
Executed 89000 ops in 123.55 seconds
Executed 90000 ops in 124.92 seconds
Executed 91000 ops in 126.27 seconds
Executed 92000 ops in 127.64 seconds
Executed 93000 ops in 129.01 seconds
Executed 94000 ops in 130.40 seconds
Executed 95000 ops in 131.75 seconds
Executed 96000 ops in 133.06 seconds
Executed 97000 ops in 134.39 seconds
Executed 98000 ops in 135.76 seconds
Executed 99000 ops in 137.15 seconds
Executed 0 ops in 138.53 seconds
Executed 1000 ops in 139.93 seconds
Executed 2000 ops in 141.34 seconds
Executed 3000 ops in 142.76 seconds
Executed 4000 ops in 144.18 seconds
Executed 5000 ops in 145.56 seconds
Executed 6000 ops in 146.93 seconds
Executed 7000 ops in 148.33 seconds
Executed 8000 ops in 149.73 seconds
Executed 9000 ops in 151.14 seconds
Executed 10000 ops in 152.57 seconds
Executed 11000 ops in 153.98 seconds
Executed 12000 ops in 155.36 seconds
Executed 13000 ops in 156.73 seconds
Executed 14000 ops in 158.07 seconds
Executed 15000 ops in 159.49 seconds
Executed 16000 ops in 160.89 seconds
Executed 17000 ops in 162.26 seconds
Executed 18000 ops in 163.64 seconds
Executed 19000 ops in 164.99 seconds
Executed 20000 ops in 166.41 seconds
Executed 21000 ops in 167.83 seconds
Executed 22000 ops in 169.25 seconds
Executed 23000 ops in 170.67 seconds
Executed 24000 ops in 172.09 seconds
Executed 25000 ops in 173.49 seconds
Executed 26000 ops in 174.91 seconds
Executed 27000 ops in 176.33 seconds
Executed 28000 ops in 177.75 seconds
Executed 29000 ops in 179.18 seconds
Executed 30000 ops in 180.60 seconds
Executed 31000 ops in 182.00 seconds
Executed 32000 ops in 183.37 seconds
Executed 33000 ops in 184.77 seconds
Executed 34000 ops in 186.19 seconds
Executed 35000 ops in 187.59 seconds
Executed 36000 ops in 188.98 seconds
Executed 37000 ops in 190.40 seconds
Executed 38000 ops in 191.81 seconds
Executed 39000 ops in 193.22 seconds
Executed 40000 ops in 194.62 seconds
Executed 41000 ops in 195.98 seconds
Executed 42000 ops in 197.40 seconds
Executed 43000 ops in 198.80 seconds
Executed 44000 ops in 200.20 seconds
Executed 45000 ops in 201.62 seconds
Executed 46000 ops in 202.98 seconds
Executed 47000 ops in 204.35 seconds
Executed 48000 ops in 205.72 seconds
Executed 49000 ops in 207.09 seconds
Executed 50000 ops in 208.47 seconds
Executed 51000 ops in 209.81 seconds
Executed 52000 ops in 211.11 seconds
Executed 53000 ops in 212.42 seconds
Executed 54000 ops in 213.75 seconds
Executed 55000 ops in 215.09 seconds
Executed 56000 ops in 216.44 seconds
Executed 57000 ops in 217.86 seconds
Executed 58000 ops in 219.25 seconds
Executed 59000 ops in 220.65 seconds
Executed 60000 ops in 222.07 seconds
Executed 61000 ops in 223.41 seconds
Executed 62000 ops in 224.81 seconds
Executed 63000 ops in 226.16 seconds
Executed 64000 ops in 227.49 seconds
Executed 65000 ops in 228.83 seconds
Executed 66000 ops in 230.17 seconds
Executed 67000 ops in 231.54 seconds
Executed 68000 ops in 232.92 seconds
Executed 69000 ops in 234.32 seconds
Executed 70000 ops in 235.73 seconds
Executed 71000 ops in 237.14 seconds
Executed 72000 ops in 238.55 seconds
Executed 73000 ops in 239.95 seconds
Executed 74000 ops in 241.34 seconds
Executed 75000 ops in 242.68 seconds
Executed 76000 ops in 244.02 seconds
Executed 77000 ops in 245.42 seconds
Executed 78000 ops in 246.86 seconds
Executed 79000 ops in 248.27 seconds
Executed 80000 ops in 249.63 seconds
Executed 81000 ops in 250.98 seconds
Executed 82000 ops in 252.38 seconds
Executed 83000 ops in 253.78 seconds
Executed 84000 ops in 255.19 seconds
Executed 85000 ops in 256.59 seconds
Executed 86000 ops in 257.98 seconds
Executed 87000 ops in 259.32 seconds
Executed 88000 ops in 260.67 seconds
Executed 89000 ops in 262.06 seconds
Executed 90000 ops in 263.48 seconds
Executed 91000 ops in 264.89 seconds
Executed 92000 ops in 266.30 seconds
Executed 93000 ops in 267.69 seconds
Executed 94000 ops in 269.10 seconds
Executed 95000 ops in 270.49 seconds
Executed 96000 ops in 271.90 seconds
Executed 97000 ops in 273.31 seconds
Executed 98000 ops in 274.70 seconds
Executed 99000 ops in 276.04 seconds
Executed 100000 ops in 277.37 seconds

Verifying stored records...
✅ Found entry: y_id = bc86f704-7495-4363-b092-764180690ae1, field0 = value_1191
✅ Found entry: y_id = c793937e-4a86-4ae7-bfe3-e5e774618aee, field0 = value_9155
✅ Found entry: y_id = 0c86be30-aeda-41ea-892e-cf78786bbde9, field0 = value_6595
✅ Found entry: y_id = f6d39293-73a7-42f7-8a6e-6a1f60b8d73f, field0 = value_1218
✅ Found entry: y_id = 8f3e8ff2-c8e7-430e-8f44-00ae6916611e, field0 = value_3265
