Executing:

        CREATE TABLE IF NOT EXISTS usertable (
            y_id text PRIMARY KEY,
            field0 text
        )
     WITH compaction = {'class': 'TimeWindowCompactionStrategy', 'compaction_window_unit': 'DAYS', 'compaction_window_size': 1, 'expired_sstable_check_frequency_seconds': 60, 'min_threshold': 4, 'max_threshold': 4}

Inserted 0 ops in 0.00 seconds
Inserted 1000 ops in 1.17 seconds
Inserted 2000 ops in 2.34 seconds
Inserted 3000 ops in 3.73 seconds
Inserted 4000 ops in 4.87 seconds
Inserted 5000 ops in 6.02 seconds
Inserted 6000 ops in 7.21 seconds
Inserted 7000 ops in 8.37 seconds
Inserted 8000 ops in 9.67 seconds
Inserted 9000 ops in 10.83 seconds
Executed 10000 ops in 12.31 seconds
Executed 0 ops in 0.00 seconds
Executed 1000 ops in 1.38 seconds
Executed 2000 ops in 2.93 seconds
Executed 3000 ops in 6.38 seconds
Executed 4000 ops in 7.78 seconds
Executed 5000 ops in 9.53 seconds
Executed 6000 ops in 10.99 seconds
Executed 7000 ops in 12.46 seconds
Executed 8000 ops in 13.87 seconds
Executed 9000 ops in 15.32 seconds
Executed 10000 ops in 16.79 seconds
Executed 11000 ops in 18.27 seconds
Executed 12000 ops in 19.70 seconds
Executed 13000 ops in 21.16 seconds
Executed 14000 ops in 22.64 seconds
Executed 15000 ops in 24.11 seconds
Executed 16000 ops in 25.59 seconds
Executed 17000 ops in 27.05 seconds
Executed 18000 ops in 28.47 seconds
Executed 19000 ops in 29.93 seconds
Executed 20000 ops in 31.39 seconds
Executed 21000 ops in 32.87 seconds
Executed 22000 ops in 34.36 seconds
Executed 23000 ops in 35.82 seconds
Executed 24000 ops in 37.27 seconds
Executed 25000 ops in 38.74 seconds
Executed 26000 ops in 40.20 seconds
Executed 27000 ops in 41.66 seconds
Executed 28000 ops in 43.13 seconds
Executed 29000 ops in 44.61 seconds
Executed 30000 ops in 46.07 seconds
Executed 31000 ops in 47.55 seconds
Executed 32000 ops in 49.00 seconds
Executed 33000 ops in 50.46 seconds
Executed 34000 ops in 51.90 seconds
Executed 35000 ops in 53.33 seconds
Executed 36000 ops in 54.78 seconds
Executed 37000 ops in 56.25 seconds
Executed 38000 ops in 57.71 seconds
Executed 39000 ops in 59.18 seconds
Executed 40000 ops in 60.64 seconds
Executed 41000 ops in 62.07 seconds
Executed 42000 ops in 63.54 seconds
Executed 43000 ops in 64.99 seconds
Executed 44000 ops in 66.41 seconds
Executed 45000 ops in 67.89 seconds
Executed 46000 ops in 69.33 seconds
Executed 47000 ops in 70.77 seconds
Executed 48000 ops in 72.24 seconds
Executed 49000 ops in 73.69 seconds
Executed 50000 ops in 75.14 seconds
Executed 51000 ops in 76.59 seconds
Executed 52000 ops in 78.03 seconds
Executed 53000 ops in 79.51 seconds
Executed 54000 ops in 80.95 seconds
Executed 55000 ops in 82.43 seconds
Executed 56000 ops in 83.92 seconds
Executed 57000 ops in 85.38 seconds
Executed 58000 ops in 86.85 seconds
Executed 59000 ops in 88.31 seconds
Executed 60000 ops in 89.76 seconds
Executed 61000 ops in 91.20 seconds
Executed 62000 ops in 92.68 seconds
Executed 63000 ops in 94.12 seconds
Executed 64000 ops in 95.56 seconds
Executed 65000 ops in 96.99 seconds
Executed 66000 ops in 98.49 seconds
Executed 67000 ops in 99.95 seconds
Executed 68000 ops in 101.42 seconds
Executed 69000 ops in 102.88 seconds
Executed 70000 ops in 104.30 seconds
Executed 71000 ops in 105.75 seconds
Executed 72000 ops in 107.22 seconds
Executed 73000 ops in 108.69 seconds
Executed 74000 ops in 110.15 seconds
Executed 75000 ops in 111.63 seconds
Executed 76000 ops in 113.09 seconds
Executed 77000 ops in 114.50 seconds
Executed 78000 ops in 115.92 seconds
Executed 79000 ops in 117.36 seconds
Executed 80000 ops in 118.80 seconds
Executed 81000 ops in 120.23 seconds
Executed 82000 ops in 121.69 seconds
Executed 83000 ops in 123.15 seconds
Executed 84000 ops in 124.56 seconds
Executed 85000 ops in 126.01 seconds
Executed 86000 ops in 127.45 seconds
Executed 87000 ops in 128.92 seconds
Executed 88000 ops in 130.38 seconds
Executed 89000 ops in 131.85 seconds
Executed 90000 ops in 133.31 seconds
Executed 91000 ops in 134.76 seconds
Executed 92000 ops in 136.22 seconds
Executed 93000 ops in 137.67 seconds
Executed 94000 ops in 139.10 seconds
Executed 95000 ops in 140.49 seconds
Executed 96000 ops in 141.97 seconds
Executed 97000 ops in 143.42 seconds
Executed 98000 ops in 144.91 seconds
Executed 99000 ops in 146.37 seconds
Executed 0 ops in 147.85 seconds
Executed 1000 ops in 149.27 seconds
Executed 2000 ops in 150.75 seconds
Executed 3000 ops in 152.22 seconds
Executed 4000 ops in 153.64 seconds
Executed 5000 ops in 155.12 seconds
Executed 6000 ops in 156.59 seconds
Executed 7000 ops in 158.06 seconds
Executed 8000 ops in 159.52 seconds
Executed 9000 ops in 161.00 seconds
Executed 10000 ops in 162.47 seconds
Executed 11000 ops in 163.95 seconds
Executed 12000 ops in 165.42 seconds
Executed 13000 ops in 166.87 seconds
Executed 14000 ops in 168.37 seconds
Executed 15000 ops in 169.84 seconds
Executed 16000 ops in 171.29 seconds
Executed 17000 ops in 172.73 seconds
Executed 18000 ops in 174.20 seconds
Executed 19000 ops in 175.67 seconds
Executed 20000 ops in 177.12 seconds
Executed 21000 ops in 178.56 seconds
Executed 22000 ops in 179.97 seconds
Executed 23000 ops in 181.40 seconds
Executed 24000 ops in 182.87 seconds
Executed 25000 ops in 184.33 seconds
Executed 26000 ops in 185.81 seconds
Executed 27000 ops in 187.24 seconds
Executed 28000 ops in 188.69 seconds
Executed 29000 ops in 190.17 seconds
Executed 30000 ops in 191.64 seconds
Executed 31000 ops in 193.12 seconds
Executed 32000 ops in 194.59 seconds
Executed 33000 ops in 196.06 seconds
Executed 34000 ops in 197.53 seconds
Executed 35000 ops in 198.99 seconds
Executed 36000 ops in 200.46 seconds
Executed 37000 ops in 201.92 seconds
Executed 38000 ops in 203.39 seconds
Executed 39000 ops in 204.89 seconds
Executed 40000 ops in 206.34 seconds
Executed 41000 ops in 207.80 seconds
Executed 42000 ops in 209.25 seconds
Executed 43000 ops in 210.74 seconds
Executed 44000 ops in 212.21 seconds
Executed 45000 ops in 213.66 seconds
Executed 46000 ops in 215.10 seconds
Executed 47000 ops in 216.57 seconds
Executed 48000 ops in 218.03 seconds
Executed 49000 ops in 219.51 seconds
Executed 50000 ops in 220.97 seconds
Executed 51000 ops in 222.42 seconds
Executed 52000 ops in 223.83 seconds
Executed 53000 ops in 225.28 seconds
Executed 54000 ops in 226.74 seconds
Executed 55000 ops in 228.20 seconds
Executed 56000 ops in 229.68 seconds
Executed 57000 ops in 231.15 seconds
Executed 58000 ops in 232.62 seconds
Executed 59000 ops in 234.08 seconds
Executed 60000 ops in 235.54 seconds
Executed 61000 ops in 237.01 seconds
Executed 62000 ops in 238.45 seconds
Executed 63000 ops in 239.91 seconds
Executed 64000 ops in 241.40 seconds
Executed 65000 ops in 242.86 seconds
Executed 66000 ops in 244.29 seconds
Executed 67000 ops in 245.74 seconds
Executed 68000 ops in 247.21 seconds
Executed 69000 ops in 248.68 seconds
Executed 70000 ops in 250.16 seconds
Executed 71000 ops in 251.62 seconds
Executed 72000 ops in 253.05 seconds
Executed 73000 ops in 254.51 seconds
Executed 74000 ops in 255.97 seconds
Executed 75000 ops in 257.44 seconds
Executed 76000 ops in 258.88 seconds
Executed 77000 ops in 260.33 seconds
Executed 78000 ops in 261.79 seconds
Executed 79000 ops in 263.26 seconds
Executed 80000 ops in 264.73 seconds
Executed 81000 ops in 266.19 seconds
Executed 82000 ops in 267.66 seconds
Executed 83000 ops in 269.12 seconds
Executed 84000 ops in 270.59 seconds
Executed 85000 ops in 272.07 seconds
Executed 86000 ops in 273.52 seconds
Executed 87000 ops in 274.98 seconds
Executed 88000 ops in 276.46 seconds
Executed 89000 ops in 277.93 seconds
Executed 90000 ops in 279.41 seconds
Executed 91000 ops in 280.88 seconds
Executed 92000 ops in 282.36 seconds
Executed 93000 ops in 283.83 seconds
Executed 94000 ops in 285.29 seconds
Executed 95000 ops in 286.75 seconds
Executed 96000 ops in 288.22 seconds
Executed 97000 ops in 289.71 seconds
Executed 98000 ops in 291.16 seconds
Executed 99000 ops in 292.60 seconds
Executed 100000 ops in 294.06 seconds

Verifying stored records...
✅ Found entry: y_id = 87b76885-5d9a-4ad7-a6e8-69810b723417, field0 = value_6536
✅ Found entry: y_id = f4213036-2d6c-42a9-9c3c-2221a6a964c4, field0 = value_4637
✅ Found entry: y_id = dfdf021c-d391-485f-a18b-fe9e4f1b46c5, field0 = value_8820
✅ Found entry: y_id = be01e426-f3eb-46bc-978d-3085a7006e22, field0 = value_8343
✅ Found entry: y_id = 26dc2b03-b459-4d9c-940f-24f7be18d3f3, field0 = value_512
