Executing:

        CREATE TABLE IF NOT EXISTS usertable (
            y_id text PRIMARY KEY,
            field0 text
        )
     WITH compaction = {'class': 'LeveledCompactionStrategy', 'sstable_size_in_mb': 160}

Inserted 0 ops in 0.00 seconds
Inserted 1000 ops in 1.20 seconds
Inserted 2000 ops in 2.37 seconds
Inserted 3000 ops in 3.63 seconds
Inserted 4000 ops in 4.81 seconds
Inserted 5000 ops in 6.01 seconds
Inserted 6000 ops in 7.42 seconds
Inserted 7000 ops in 8.59 seconds
Inserted 8000 ops in 10.04 seconds
Inserted 9000 ops in 11.28 seconds
Inserted 10000 ops in 12.85 seconds
Inserted 11000 ops in 14.09 seconds
Inserted 12000 ops in 15.32 seconds
Inserted 13000 ops in 16.50 seconds
Inserted 14000 ops in 17.76 seconds
Inserted 15000 ops in 18.88 seconds
Inserted 16000 ops in 20.09 seconds
Inserted 17000 ops in 21.32 seconds
Inserted 18000 ops in 22.56 seconds
Inserted 19000 ops in 23.77 seconds
Inserted 20000 ops in 25.03 seconds
Inserted 21000 ops in 26.27 seconds
Inserted 22000 ops in 27.54 seconds
Inserted 23000 ops in 28.79 seconds
Inserted 24000 ops in 30.08 seconds
Inserted 25000 ops in 31.39 seconds
Inserted 26000 ops in 32.70 seconds
Inserted 27000 ops in 33.97 seconds
Inserted 28000 ops in 35.23 seconds
Inserted 29000 ops in 36.45 seconds
Inserted 30000 ops in 37.71 seconds
Inserted 31000 ops in 38.91 seconds
Inserted 32000 ops in 40.18 seconds
Inserted 33000 ops in 41.48 seconds
Inserted 34000 ops in 42.79 seconds
Inserted 35000 ops in 44.08 seconds
Inserted 36000 ops in 45.34 seconds
Inserted 37000 ops in 46.56 seconds
Inserted 38000 ops in 47.83 seconds
Inserted 39000 ops in 49.10 seconds
Inserted 40000 ops in 50.34 seconds
Inserted 41000 ops in 51.56 seconds
Inserted 42000 ops in 52.79 seconds
Inserted 43000 ops in 54.01 seconds
Inserted 44000 ops in 55.24 seconds
Inserted 45000 ops in 56.49 seconds
Inserted 46000 ops in 57.80 seconds
Inserted 47000 ops in 59.10 seconds
Inserted 48000 ops in 60.38 seconds
Inserted 49000 ops in 61.66 seconds
Inserted 50000 ops in 62.97 seconds
Inserted 51000 ops in 64.24 seconds
Inserted 52000 ops in 65.54 seconds
Inserted 53000 ops in 66.83 seconds
Inserted 54000 ops in 68.15 seconds
Inserted 55000 ops in 69.45 seconds
Inserted 56000 ops in 70.72 seconds
Inserted 57000 ops in 72.00 seconds
Inserted 58000 ops in 73.30 seconds
Inserted 59000 ops in 74.58 seconds
Inserted 60000 ops in 75.85 seconds
Inserted 61000 ops in 77.07 seconds
Inserted 62000 ops in 78.32 seconds
Inserted 63000 ops in 79.59 seconds
Inserted 64000 ops in 80.89 seconds
Inserted 65000 ops in 82.17 seconds
Inserted 66000 ops in 83.48 seconds
Inserted 67000 ops in 84.79 seconds
Inserted 68000 ops in 86.07 seconds
Inserted 69000 ops in 87.36 seconds
Inserted 70000 ops in 88.66 seconds
Inserted 71000 ops in 89.90 seconds
Inserted 72000 ops in 91.20 seconds
Inserted 73000 ops in 92.49 seconds
Inserted 74000 ops in 93.78 seconds
Inserted 75000 ops in 95.05 seconds
Inserted 76000 ops in 96.30 seconds
Inserted 77000 ops in 97.50 seconds
Inserted 78000 ops in 98.78 seconds
Inserted 79000 ops in 100.06 seconds
Inserted 80000 ops in 101.36 seconds
Inserted 81000 ops in 102.65 seconds
Inserted 82000 ops in 103.91 seconds
Inserted 83000 ops in 105.10 seconds
Inserted 84000 ops in 106.39 seconds
Inserted 85000 ops in 107.70 seconds
Inserted 86000 ops in 108.96 seconds
Inserted 87000 ops in 110.22 seconds
Inserted 88000 ops in 111.47 seconds
Inserted 89000 ops in 112.71 seconds
Inserted 90000 ops in 114.02 seconds
Inserted 91000 ops in 115.33 seconds
Inserted 92000 ops in 116.65 seconds
Inserted 93000 ops in 117.94 seconds
Inserted 94000 ops in 119.25 seconds
Inserted 95000 ops in 120.53 seconds
Inserted 96000 ops in 121.79 seconds
Inserted 97000 ops in 123.10 seconds
Inserted 98000 ops in 124.41 seconds
Inserted 99000 ops in 125.71 seconds
Executed 100000 ops in 127.01 seconds
Executed 0 ops in 0.00 seconds
Executed 1000 ops in 1.48 seconds

Verifying stored records...
✅ Found entry: y_id = ba9fbd04-aa20-43dd-938f-e72362349856, field0 = value_ba9fbd04-aa20-43dd-938f-e72362349856
✅ Found entry: y_id = 5d8c1d49-3fa3-4cb8-b4ae-2441e28f3740, field0 = value_5d8c1d49-3fa3-4cb8-b4ae-2441e28f3740
✅ Found entry: y_id = a5b158c5-bbd8-4969-aff0-146b6d62b920, field0 = value_a5b158c5-bbd8-4969-aff0-146b6d62b920
✅ Found entry: y_id = 2fc0b1c8-6383-46fe-8b90-036c5070ef89, field0 = value_2fc0b1c8-6383-46fe-8b90-036c5070ef89
✅ Found entry: y_id = a52d2222-770a-4e69-8414-7789b1af3104, field0 = value_a52d2222-770a-4e69-8414-7789b1af3104
