Executing:

        CREATE TABLE IF NOT EXISTS usertable (
            y_id text PRIMARY KEY,
            field0 text
        )
     WITH compaction = {'class': 'SizeTieredCompactionStrategy', 'bucket_high': 1.5, 'bucket_low': 0.5, 'min_sstable_size': 50, 'min_threshold': 4, 'max_threshold': 4}

Inserted 0 ops in 0.00 seconds
Inserted 1000 ops in 1.33 seconds
Inserted 2000 ops in 2.69 seconds
Inserted 3000 ops in 4.02 seconds
Inserted 4000 ops in 5.35 seconds
Inserted 5000 ops in 6.68 seconds
Inserted 6000 ops in 8.05 seconds
Inserted 7000 ops in 9.40 seconds
Inserted 8000 ops in 10.76 seconds
Inserted 9000 ops in 12.12 seconds
Executed 10000 ops in 13.46 seconds
Executed 0 ops in 0.00 seconds
Executed 1000 ops in 1.74 seconds
Executed 2000 ops in 3.52 seconds
Executed 3000 ops in 5.28 seconds
Executed 4000 ops in 7.04 seconds
Executed 5000 ops in 8.81 seconds
Executed 6000 ops in 10.53 seconds
Executed 7000 ops in 12.20 seconds
Executed 8000 ops in 13.96 seconds
Executed 9000 ops in 15.70 seconds
Executed 10000 ops in 17.49 seconds
Executed 11000 ops in 19.25 seconds
Executed 12000 ops in 20.98 seconds
Executed 13000 ops in 22.72 seconds
Executed 14000 ops in 24.47 seconds
Executed 15000 ops in 26.22 seconds
Executed 16000 ops in 27.95 seconds
Executed 17000 ops in 29.70 seconds
Executed 18000 ops in 31.44 seconds
Executed 19000 ops in 33.17 seconds
Executed 20000 ops in 34.91 seconds
Executed 21000 ops in 36.68 seconds
Executed 22000 ops in 38.46 seconds
Executed 23000 ops in 40.23 seconds
Executed 24000 ops in 41.98 seconds
Executed 25000 ops in 43.75 seconds
Executed 26000 ops in 45.51 seconds
Executed 27000 ops in 47.25 seconds
Executed 28000 ops in 48.98 seconds
Executed 29000 ops in 50.72 seconds
Executed 30000 ops in 52.44 seconds
Executed 31000 ops in 54.20 seconds
Executed 32000 ops in 55.97 seconds
Executed 33000 ops in 57.75 seconds
Executed 34000 ops in 59.42 seconds
Executed 35000 ops in 61.15 seconds
Executed 36000 ops in 62.91 seconds
Executed 37000 ops in 64.68 seconds
Executed 38000 ops in 66.42 seconds
Executed 39000 ops in 68.17 seconds
Executed 40000 ops in 69.94 seconds
Executed 41000 ops in 71.71 seconds
Executed 42000 ops in 73.48 seconds
Executed 43000 ops in 75.26 seconds
Executed 44000 ops in 76.94 seconds
Executed 45000 ops in 78.68 seconds
Executed 46000 ops in 80.45 seconds
Executed 47000 ops in 82.21 seconds
Executed 48000 ops in 83.92 seconds
Executed 49000 ops in 85.69 seconds
Executed 50000 ops in 87.45 seconds
Executed 51000 ops in 89.21 seconds
Executed 52000 ops in 90.96 seconds
Executed 53000 ops in 92.71 seconds
Executed 54000 ops in 94.44 seconds
Executed 55000 ops in 96.16 seconds
Executed 56000 ops in 97.93 seconds
Executed 57000 ops in 99.67 seconds
Executed 58000 ops in 101.43 seconds
Executed 59000 ops in 103.20 seconds
Executed 60000 ops in 104.97 seconds
Executed 61000 ops in 106.72 seconds
Executed 62000 ops in 108.48 seconds
Executed 63000 ops in 110.23 seconds
Executed 64000 ops in 111.99 seconds
Executed 65000 ops in 113.74 seconds
Executed 66000 ops in 115.47 seconds
Executed 67000 ops in 117.24 seconds
Executed 68000 ops in 119.02 seconds
Executed 69000 ops in 120.77 seconds
Executed 70000 ops in 122.50 seconds
Executed 71000 ops in 124.24 seconds
Executed 72000 ops in 126.01 seconds
Executed 73000 ops in 127.76 seconds
Executed 74000 ops in 129.53 seconds
Executed 75000 ops in 131.27 seconds
Executed 76000 ops in 132.95 seconds
Executed 77000 ops in 134.69 seconds
Executed 78000 ops in 136.45 seconds
Executed 79000 ops in 138.17 seconds
Executed 80000 ops in 139.90 seconds
Executed 81000 ops in 141.68 seconds
Executed 82000 ops in 143.43 seconds
Executed 83000 ops in 145.19 seconds
Executed 84000 ops in 146.93 seconds
Executed 85000 ops in 148.68 seconds
Executed 86000 ops in 150.43 seconds
Executed 87000 ops in 152.20 seconds
Executed 88000 ops in 153.95 seconds
Executed 89000 ops in 155.69 seconds
Executed 90000 ops in 157.46 seconds
Executed 91000 ops in 159.24 seconds
Executed 92000 ops in 160.99 seconds
Executed 93000 ops in 162.77 seconds
Executed 94000 ops in 164.50 seconds
Executed 95000 ops in 166.27 seconds
Executed 96000 ops in 168.02 seconds
Executed 97000 ops in 169.79 seconds
Executed 98000 ops in 171.53 seconds
Executed 99000 ops in 173.26 seconds
Executed 100000 ops in 174.98 seconds

Verifying stored records...
✅ Found entry: y_id = 33cf328b-a008-4035-9fc1-a1275acf398f, field0 = value_33cf328b-a008-4035-9fc1-a1275acf398f
✅ Found entry: y_id = aa498add-d1e6-429f-a514-7b95d751c5e4, field0 = value_5730
✅ Found entry: y_id = ac835c8d-ec25-4c35-87c3-4864244ff9f2, field0 = value_4573
✅ Found entry: y_id = bd6138cc-01cd-4d2c-8935-ce545b2a10be, field0 = value_bd6138cc-01cd-4d2c-8935-ce545b2a10be
✅ Found entry: y_id = 3ae7b117-3120-40a1-a5ba-0f4c438d9c72, field0 = value_3ae7b117-3120-40a1-a5ba-0f4c438d9c72
